I (325263) SampleColl: addSample {"t":[62878,62918,62958,62998,63038],"r":[3091272,3091337,3091432,3091518,3091573],"i":[3360099,3360228,3360409,3360644,3360808]}
I (325481) SampleColl: addSample {"t":[63095,63135,63175,63215,63255,63295],"r":[3091534,3091375,3091155,3091008,3090920,3090944],"i":[3360725,3360336,3359817,3359446,3359232,3359289]}
I (325684) SampleColl: addSample {"t":[63299,63339,63379,63419,63459],"r":[3090976,3090973,3090937,3090941,3090959],"i":[3359430,3359464,3359416,3359427,3359489]}
I (325901) SampleColl: addSample {"t":[63515,63555,63595,63635,63675],"r":[3090981,3091041,3091088,3091145,3091187],"i":[3359583,3359724,3359909,3360047,3360175]}
I (326116) SampleColl: addSample {"t":[63731,63771,63811,63851,63891],"r":[3091258,3091308,3091374,3091424,3091481],"i":[3360334,3360480,3360631,3360785,3360940]}
I (326318) SampleColl: addSample {"t":[63932,63972,64012,64052,64092],"r":[3091342,3091131,3090958,3090883,3090894],"i":[3360718,3360161,3359737,3359538,3359541]}
I (326535) SampleColl: addSample {"t":[64150,64190,64230,64270,64310],"r":[3090951,3090967,3090954,3090940,3090960],"i":[3359677,3359758,3359762,3359750,3359804]}
I (326752) SampleColl: addSample {"t":[64367,64407,64447,64487,64527],"r":[3090988,3091056,3091120,3091164,3091212],"i":[3359923,3360035,3360207,3360325,3360463]}
I (326970) SampleColl: addSample {"t":[64584,64624,64664,64704,64744,64784],"r":[3091237,3091280,3091337,3091377,3091439,3091400],"i":[3360585,3360667,3360801,3360982,3361116,3361029]}
I (327171) SampleColl: addSample {"t":[64786,64826,64866,64906,64946],"r":[3091189,3090910,3090715,3090636,3090605],"i":[3360520,3359834,3359339,3359048,3359050]}
I (327388) SampleColl: addSample {"t":[65003,65043,65083,65123,65163],"r":[3090671,3090689,3090686,3090678,3090713],"i":[3359179,3359254,3359218,3359195,3359222]}
I (327604) SampleColl: addSample {"t":[65218,65258,65298,65338,65378,65418],"r":[3090758,3090836,3090889,3090975,3091034,3091079],"i":[3359316,3359485,3359662,3359817,3359947,3360091]}
I (327806) SampleColl: addSample {"t":[65420,65460,65500,65540,65580],"r":[3091127,3091192,3091278,3091319,3091287],"i":[3360221,3360371,3360535,3360670,3360625]}
I (328025) SampleColl: addSample {"t":[122,162,202,242,282],"r":[3091054,3090774,3090572,3090471,3090476],"i":[3360079,3359372,3358844,3096970,3096990]}
I (328240) SampleColl: addSample {"t":[337,377,417,457,497],"r":[3090552,3090602,3090614,3090616,3090677],"i":[3097143,3097286,3097298,3097294,3097400]}
I (328458) SampleColl: addSample {"t":[554,594,634,674,714],"r":[3090818,3090908,3090985,3091063,3091129],"i":[3097724,3097915,3098112,3098290,3098415]}
I (328662) SampleColl: addSample {"t":[758,798,838,878,918],"r":[3091198,3091272,3091350,3091393,3091395],"i":[3098545,3098749,3098922,3099091,3099131]}
I (328877) SampleColl: addSample {"t":[974,1014,1054,1094,1134],"r":[3091224,3090958,3090776,3090676,3090681],"i":[3098707,3098081,3097590,3097356,3097342]}
I (329095) SampleColl: addSample {"t":[1191,1231,1271,1311,1351,1391],"r":[3090749,3090807,3090818,3090825,3090859,3090942],"i":[3097481,3097641,3097691,3097695,3097765,3097929]}
I (329295) SampleColl: addSample {"t":[1391,1431,1471,1511,1551],"r":[3091016,3091102,3091180,3091242,3091302],"i":[3098094,3098302,3098494,3098664,3098802]}
I (329514) SampleColl: addSample {"t":[1611,1651,1691,1731,1771],"r":[3091342,3091406,3091470,3091526,3091559],"i":[3098941,3099116,3099269,3099438,3099549]}
I (329732) SampleColl: addSample {"t":[1828,1868,1908,1948,1988,2028],"r":[3091456,3091219,3091000,3090877,3090837,3090874],"i":[3099299,3098735,3098179,3097914,3097799,3097880]}
I (329948) SampleColl: addSample {"t":[2044,2084,2124,2164,2204],"r":[3090931,3090944,3090949,3090960,3091029],"i":[3098054,3098050,3098095,3098168,3098254]}
I (330152) SampleColl: addSample {"t":[2248,2288,2328,2368,2408],"r":[3091095,3091142,3091231,3091290,3091345],"i":[3098405,3098572,3098747,3098927,3099042]}
I (330371) SampleColl: addSample {"t":[2467,2507,2547,2587,2627,2667],"r":[3091391,3091443,3091511,3091580,3091630,3091579],"i":[3099184,3099344,3099516,3099678,3099820,3099778]}
I (330586) SampleColl: addSample {"t":[2683,2723,2763,2803,2843],"r":[3091381,3091176,3091022,3090964,3091002],"i":[3099305,3098769,3098422,3098273,3098351]}
I (330806) SampleColl: addSample {"t":[2902,2942,2982,3022,3062],"r":[3091058,3091071,3091081,3091082,3091119],"i":[3098508,3098607,3098583,3098580,3098660]}
I (331008) SampleColl: addSample {"t":[3105,3145,3185,3225],"r":[3091218,3091294,3091343,3091401],"i":[3098919,3099114,3099275,3099377]}
I (331224) SampleColl: addSample {"t":[3320,3360,3400,3440,3480],"r":[3091493,3091551,3091609,3091657,3091552],"i":[3099624,3099781,3099933,3100069,3099859]}
I (331442) SampleColl: addSample {"t":[3538,3578,3618,3658,3698],"r":[3091336,3091119,3090995,3090954,3091007],"i":[3099347,3098817,3098509,3098387,3098483]}
I (331644) SampleColl: addSample {"t":[3740,3780,3820,3860,3900],"r":[3091044,3091075,3091076,3091078,3091137],"i":[3098612,3098661,3098650,3098675,3098751]}
I (331862) SampleColl: addSample {"t":[3958,3998,4038,4078,4118,4158],"r":[3091175,3091250,3091321,3091387,3091435,3091456],"i":[3098878,3099058,3099235,3099381,3099518,3099625]}
I (332080) SampleColl: addSample {"t":[4176,4216,4256,4296,4336],"r":[3091492,3091573,3091619,3091607,3091437],"i":[3099729,3099880,3100040,3100062,3099665]}
I (332298) SampleColl: addSample {"t":[4394,4434,4474,4514,4554,4594],"r":[3091183,3090961,3090820,3090786,3090819,3090867],"i":[3098982,3098440,3098099,3097978,3098054,3098158]}
I (332499) SampleColl: addSample {"t":[4596,4636,4676,4716,4756],"r":[3090886,3090871,3090904,3090942,3091015],"i":[3098175,3098188,3098221,3098344,3098492]}
I (332715) SampleColl: addSample {"t":[4812,4852,4892,4932,4972],"r":[3091093,3091169,3091212,3091276,3091328],"i":[3098668,3098838,3098978,3099118,3099276]}
I (332932) SampleColl: addSample {"t":[5028,5068,5108,5148,5188],"r":[3091382,3091446,3091496,3091423,3091209],"i":[3099407,3099591,3099706,3099587,3099061]}
I (333135) SampleColl: addSample {"t":[5232,5272,5312,5352],"r":[3090803,3090734,3090746,3090803],"i":[3098063,3097888,3097890,3098032]}
I (333352) SampleColl: addSample {"t":[5449,5489,5529,5569,5609],"r":[3090833,3090829,3090885,3090922,3091028],"i":[3098141,3098147,3098242,3098395,3098538]}
I (333567) SampleColl: addSample {"t":[5664,5704,5744,5784,5824],"r":[3091065,3091139,3091203,3091236,3091291],"i":[3098711,3098878,3099031,3099127,3099299]}
I (333787) SampleColl: addSample {"t":[5883,5923,5963,6003,6043,6083],"r":[3091359,3091418,3091420,3091303,3091084,3090906],"i":[3099459,3099606,3099659,3099390,3098871,3098455]}
I (333988) SampleColl: addSample {"t":[6085,6125,6165,6205,6245],"r":[3090799,3090790,3090821,3090854,3090859],"i":[3098231,3098147,3098265,3098345,3098354]}
I (334203) SampleColl: addSample {"t":[6300,6340,6380,6420,6460],"r":[3090854,3090872,3090913,3090969,3091017],"i":[3098350,3098433,3098555,3098681,3098808]}
I (334421) SampleColl: addSample {"t":[6517,6557,6597,6637,6677,6717],"r":[3091081,3091140,3091172,3091215,3091274,3091309],"i":[3098970,3099100,3099211,3099327,3099494,3099623]}
I (334623) SampleColl: addSample {"t":[6719,6759,6799,6839,6879],"r":[3091335,3091324,3091177,3090972,3090848],"i":[3099735,3099717,3099360,3098912,3098574]}
I (334840) SampleColl: addSample {"t":[6937,6977,7017,7057,7097],"r":[3090778,3090778,3090808,3090820,3090808],"i":[3098403,3098422,3098535,3098552,3098537]}
I (335057) SampleColl: addSample {"t":[7154,7194,7234,7274,7314],"r":[3090798,3090841,3090872,3090900,3090963],"i":[3098533,3098615,3098728,3098852,3099019]}
I (335275) SampleColl: addSample {"t":[7371,7411,7451,7491,7531],"r":[3091055,3091086,3091130,3091172,3091220],"i":[3099236,3099325,3099459,3099588,3099705]}
I (335477) SampleColl: addSample {"t":[7573,7613,7653,7693,7733],"r":[3091243,3091167,3091017,3090846,3090732],"i":[3099810,3099688,3099307,3098885,3098671]}
I (335490) SysMan: {"n":"Heart Earrings","v":"1","r":"","hpInt":110560,"hpMin":109160,"hpAll":110560,"BLEMan":{"s":"adv","adv":"Heart1.7_22f696","rxBPS":0.0,"txBPS":0.0},"SysMan":{"avgUs":451.82,"maxUs":2842,"minUs":0,"slowUs":{"Jewelry":2447,"DevMan":394}}}
I (335693) SampleColl: addSample {"t":[7790,7830,7870,7910,7950],"r":[3090699,3090727,3090740,3090727,3090726],"i":[3098559,3098642,3098701,3098696,3098698]}
I (335909) SampleColl: addSample {"t":[8005,8045,8085,8125,8165,8205],"r":[3090724,3090772,3090797,3090835,3090877,3090927],"i":[3098704,3098762,3098877,3098962,3099090,3099204]}
I (336111) SampleColl: addSample {"t":[8207,8247,8287,8327,8367],"r":[3090940,3090998,3091045,3091109,3091137],"i":[3099314,3099392,3099520,3099629,3099767]}
I (336330) SampleColl: addSample {"t":[8427,8467,8507,8547,8587],"r":[3091146,3091005,3090811,3090648,3090574],"i":[3099775,3099470,3099003,3098655,3098453]}
I (336545) SampleColl: addSample {"t":[8642,8682,8722,8762,8802],"r":[3090586,3090603,3090609,3090593,3090598],"i":[3098411,3098500,3098542,3098527,3098481]}
I (336763) SampleColl: addSample {"t":[8859,8899,8939,8979,9019],"r":[3090648,3090683,3090739,3090790,3090826],"i":[3098579,3098729,3098827,3098938,3099067]}
I (336967) SampleColl: addSample {"t":[9063,9103,9143,9183,9223],"r":[3090866,3090892,3090959,3091004,3091028],"i":[3099145,3099239,3099372,3099519,3099587]}
I (337182) SampleColl: addSample {"t":[9278,9318,9358,9398,9438],"r":[3090928,3090701,3090468,3090286,3090201],"i":[3099370,3098794,3098199,3097759,3097486]}
I (337399) SampleColl: addSample {"t":[9495,9535,9575,9615,9655,9695],"r":[3090187,3090211,3090199,3090190,3090206,3090251],"i":[3097443,3097499,3097508,3097437,3097453,3097538]}
I (337599) SampleColl: addSample {"t":[9695,9735,9775,9815,9855],"r":[3090304,3090361,3090426,3090515,3090559],"i":[3097645,3097776,3097932,3098084,3098200]}
I (337820) SampleColl: addSample {"t":[9916,9956,9996,10036,10076],"r":[3090601,3090670,3090724,3090792,3090819],"i":[3098325,3098456,3098608,3098770,3098847]}
I (338037) SampleColl: addSample {"t":[10133,10173,10213,10253,10293,10333],"r":[3090729,3090490,3090241,3090054,3089967,3090002],"i":[3098606,3097969,3097295,3096818,3096573,3096631]}
I (338254) SampleColl: addSample {"t":[10350,10390,10430,10470,10510],"r":[3090057,3090089,3090084,3090140,3090203],"i":[3096790,3096825,3096815,3096905,3097001]}
I (338458) SampleColl: addSample {"t":[10554,10594,10634,10674,10714],"r":[3090276,3090354,3090448,3090530,3090596],"i":[3097174,3097371,3097543,3097710,3097904]}
I (338676) SampleColl: addSample {"t":[10772,10812,10852,10892,10932,10972],"r":[3090653,3090718,3090792,3090875,3090929,3090881],"i":[3098028,3098205,3098353,3098517,3098656,3098633]}
I (338891) SampleColl: addSample {"t":[10988,11028,11068,11108,11148],"r":[3090682,3090410,3090213,3090120,3090128],"i":[3098119,3097444,3096911,3096656,3096615]}
I (339111) SampleColl: addSample {"t":[11207,11247,11287,11327,11367],"r":[3090199,3090240,3090257,3090279,3090317],"i":[3096763,3096922,3096948,3096980,3097074]}
I (339313) SampleColl: addSample {"t":[11410,11450,11490,11530,11570],"r":[3090485,3090574,3090646,3090711,3090782],"i":[3097417,3097619,3097785,3097919,3098090]}
I (339528) SampleColl: addSample {"t":[11625,11665,11705,11745,11785],"r":[3090835,3090885,3090970,3091028,3091081],"i":[3098233,3098373,3098534,3098677,3098856]}
I (339746) SampleColl: addSample {"t":[11842,11882,11922,11962,12002],"r":[3091040,3090824,3090567,3090387,3090326],"i":[3098763,3098204,3097586,3097159,3096928]}
I (339948) SampleColl: addSample {"t":[12044,12084,12124,12164,12204],"r":[3090346,3090404,3090442,3090452,3090455],"i":[3096974,3097140,3097229,3097234,3097277]}
I (340166) SampleColl: addSample {"t":[12262,12302,12342,12382,12422,12462],"r":[3090517,3090584,3090651,3090736,3090789,3090836],"i":[3097384,3097512,3097693,3097881,3098067,3098161]}
I (340383) SampleColl: addSample {"t":[12480,12520,12560,12600,12640],"r":[3090899,3090943,3091011,3091071,3091135],"i":[3098291,3098431,3098537,3098746,3098892]}
I (340601) SampleColl: addSample {"t":[12697,12737,12777,12817,12857,12897],"r":[3091184,3091164,3090974,3090701,3090501,3090417],"i":[3099035,3099016,3098530,3097890,3097434,3097206]}
I (340802) SampleColl: addSample {"t":[12899,12939,12979,13019,13059],"r":[3090425,3090490,3090514,3090542,3090536],"i":[3097222,3097383,3097515,3097502,3097507]}
I (341019) SampleColl: addSample {"t":[13116,13156,13196,13236,13276],"r":[3090557,3090612,3090648,3090725,3090793],"i":[3097550,3097680,3097839,3097981,3098144]}
I (341234) SampleColl: addSample {"t":[13331,13371,13411,13451,13491],"r":[3090849,3090901,3090944,3091001,3091062],"i":[3098277,3098410,3098525,3098677,3098801]}
I (341436) SampleColl: addSample {"t":[13532,13572,13612,13652],"r":[3091168,3091159,3090951,3090699],"i":[3099081,3099063,3098579,3097988]}
I (341656) SampleColl: addSample {"t":[13753,13793,13833,13873,13913],"r":[3090493,3090517,3090582,3090605,3090607],"i":[3097444,3097469,3097624,3097712,3097720]}
I (341871) SampleColl: addSample {"t":[13968,14008,14048,14088,14128],"r":[3090594,3090643,3090705,3090786,3090848],"i":[3097693,3097764,3097876,3098059,3098205]}
I (342089) SampleColl: addSample {"t":[14185,14225,14265,14305,14345,14385],"r":[3090900,3090958,3091018,3091038,3091088,3091157],"i":[3098366,3098489,3098633,3098725,3098851,3099016]}
I (342293) SampleColl: addSample {"t":[14389,14429,14469,14509,14549],"r":[3091213,3091238,3091096,3090786,3090530],"i":[3099176,3099235,3098874,3098163,3097490]}
I (342507) SampleColl: addSample {"t":[14604,14644,14684,14724,14764],"r":[3090352,3090287,3090320,3090386,3090416],"i":[3097044,3096888,3096990,3097149,3097190]}
I (342725) SampleColl: addSample {"t":[14821,14861,14901,14941,14981,15021],"r":[3090418,3090461,3090498,3090559,3090632,3090700],"i":[3097157,3097225,3097326,3097462,3097650,3097788]}
I (342925) SampleColl: addSample {"t":[15021,15061,15101,15141,15181],"r":[3090758,3090813,3090877,3090933,3090986],"i":[3097978,3098101,3098219,3098356,3098474]}
I (343145) SampleColl: addSample {"t":[15241,15281,15321,15361,15401],"r":[3091068,3091123,3091052,3090817,3090494],"i":[3098646,3098759,3098673,3098093,3097288]}
I (343363) SampleColl: addSample {"t":[15459,15499,15539,15579,15619],"r":[3090251,3090153,3090165,3090249,3090313],"i":[3096670,3096396,3096412,3096607,3096769]}
I (343578) SampleColl: addSample {"t":[15674,15714,15754,15794,15834],"r":[3090328,3090361,3090426,3090494,3090574],"i":[3096776,3096844,3096991,3097141,3097342]}
I (343782) SampleColl: addSample {"t":[15878,15918,15958,15998,16038],"r":[3090655,3090729,3090791,3090830,3090875],"i":[3097529,3097698,3097814,3097953,3098047]}
I (343997) SampleColl: addSample {"t":[16094,16134,16174,16214,16254],"r":[3090938,3091013,3091017,3090850,3090518],"i":[3098199,3098360,3098419,3098031,3097245]}
I (344213) SampleColl: addSample {"t":[16309,16349,16389,16429,16469,16509],"r":[3090272,3090133,3090122,3090169,3090261,3090273],"i":[3096564,3096179,3096082,3096242,3096469,3096529]}
I (344415) SampleColl: addSample {"t":[16511,16551,16591,16631,16671],"r":[3090271,3090291,3090352,3090435,3090542],"i":[3096502,3096553,3096670,3096866,3097046]}
I (344634) SampleColl: addSample {"t":[16731,16771,16811,16851,16891],"r":[3090607,3090678,3090742,3090766,3090829],"i":[3097256,3097394,3097545,3097678,3097785]}
I (344850) SampleColl: addSample {"t":[16946,16986,17026,17066,17106,17146],"r":[3090886,3090962,3090997,3090907,3090612,3090318],"i":[3097941,3098136,3098246,3098029,3097302,3096525]}
I (345068) SampleColl: addSample {"t":[17164,17204,17244,17284,17324],"r":[3090145,3090107,3090168,3090260,3090311],"i":[3096084,3095965,3096096,3096344,3096500]}
I (345271) SampleColl: addSample {"t":[17368,17408,17448,17488,17528],"r":[3090310,3090325,3090359,3090432,3090497],"i":[3096480,3096512,3096604,3096774,3096968]}
I (345486) SampleColl: addSample {"t":[17583,17623,17663,17703,17743],"r":[3090588,3090657,3090712,3090750,3090799],"i":[3097144,3097314,3097475,3097618,3097747]}
I (345703) SampleColl: addSample {"t":[17800,17840,17880,17920,17960],"r":[3090934,3090978,3090897,3090599,3090299],"i":[3098034,3098169,3097981,3097302,3096518]}
I (345923) SampleColl: addSample {"t":[18019,18059,18099,18139,18179],"r":[3090117,3090072,3090133,3090212,3090285],"i":[3096065,3095950,3096089,3096313,3096456]}
I (346145) SampleColl: addSample {"t":[18241,18281,18321,18361,18401,18441],"r":[3090275,3090268,3090315,3090369,3090471,3090541],"i":[3096476,3096446,3096525,3096688,3096925,3097112]}
I (346362) SampleColl: addSample {"t":[18459,18499,18539,18579,18619],"r":[3090606,3090659,3090694,3090737,3090788],"i":[3097272,3097426,3097512,3097626,3097771]}
I (346579) SampleColl: addSample {"t":[18675,18715,18755,18795,18835,18875],"r":[3090849,3090888,3090815,3090559,3090298,3090130],"i":[3097907,3098033,3097895,3097274,3096532,3096115]}
I (346781) SampleColl: addSample {"t":[18877,18917,18957,18997,19037],"r":[3090102,3090173,3090258,3090297,3090298],"i":[3096032,3096232,3096465,3096552,3096555]}
I (347000) SampleColl: addSample {"t":[19097,19137,19177,19217,19257],"r":[3090304,3090376,3090427,3090518,3090589],"i":[3096573,3096704,3096871,3097043,3097227]}
I (347216) SampleColl: addSample {"t":[19312,19352,19392,19432,19472,19512],"r":[3090643,3090697,3090737,3090789,3090855,3090899],"i":[3097360,3097502,3097601,3097721,3097880,3098024]}
I (347434) SampleColl: addSample {"t":[19530,19570,19610,19650,19690],"r":[3090867,3090646,3090314,3090099,3090021],"i":[3097961,3097405,3096577,3096021,3095833]}
I (347635) SampleColl: addSample {"t":[19732,19772,19812,19852,19892],"r":[3090045,3090170,3090231,3090254,3090258],"i":[3095899,3096135,3096326,3096369,3096357]}
I (347850) SampleColl: addSample {"t":[19947,19987,20027,20067,20107],"r":[3090302,3090357,3090441,3090527,3090593],"i":[3096425,3096594,3096799,3096990,3097172]}
I (348068) SampleColl: addSample {"t":[20164,20204,20244,20284,20324,20364],"r":[3090656,3090695,3090749,3090826,3090880,3090885],"i":[3097305,3097424,3097571,3097728,3097872,3097906]}
I (348270) SampleColl: addSample {"t":[20367,20407,20447,20487,20527],"r":[3090677,3090312,3090020,3089871,3089836],"i":[3097421,3096527,3095766,3095383,3095291]}
I (348488) SampleColl: addSample {"t":[20584,20624,20664,20704,20744],"r":[3089929,3090008,3090060,3090059,3090088],"i":[3095474,3095697,3095789,3095800,3095863]}
I (348706) SampleColl: addSample {"t":[20802,20842,20882,20922,20962,21002],"r":[3090163,3090231,3090317,3090395,3090481,3090530],"i":[3095986,3096172,3096406,3096617,3096800,3096935]}
I (348924) SampleColl: addSample {"t":[21020,21060,21100,21140,21180],"r":[3090572,3090637,3090699,3090730,3090644],"i":[3097044,3097208,3097368,3097481,3097264]}
I (349125) SampleColl: addSample {"t":[21222,21262,21302,21342,21382],"r":[3090332,3089983,3089788,3089724,3089789],"i":[3096502,3095648,3095124,3094931,3095031]}
I (349341) SampleColl: addSample {"t":[21437,21477,21517,21557,21597,21637],"r":[3089887,3089952,3089938,3089978,3090034,3090107],"i":[3095289,3095453,3095446,3095508,3095622,3095818]}
I (349558) SampleColl: addSample {"t":[21654,21694,21734,21774,21814],"r":[3090200,3090312,3090390,3090434,3090479],"i":[3096043,3096258,3096445,3096599,3096713]}
I (349762) SampleColl: addSample {"t":[21858,21898,21938,21978,22018],"r":[3090514,3090605,3090669,3090697,3090511],"i":[3096846,3097023,3097201,3097264,3096863]}
I (349977) SampleColl: addSample {"t":[22074,22114,22154,22194,22234],"r":[3090190,3089912,3089762,3089749,3089838],"i":[3096017,3095300,3094913,3094845,3095062]}
I (350194) SampleColl: addSample {"t":[22290,22330,22370,22410,22450,22490],"r":[3089934,3089971,3089972,3089999,3090086,3090159],"i":[3095302,3095415,3095425,3095499,3095643,3095848]}
I (350396) SampleColl: addSample {"t":[22492,22532,22572,22612,22652],"r":[3090244,3090317,3090393,3090456,3090480],"i":[3096058,3096249,3096437,3096571,3096695]}
I (350615) SampleColl: addSample {"t":[22712,22752,22792,22832,22872],"r":[3090550,3090614,3090664,3090680,3090466],"i":[3096868,3097035,3097192,3097209,3096739]}
I (350831) SampleColl: addSample {"t":[22927,22967,23007,23047,23087,23127],"r":[3090142,3089888,3089754,3089765,3089897,3089986],"i":[3095928,3095295,3094992,3095005,3095285,3095521]}
I (351049) SampleColl: addSample {"t":[23145,23185,23225,23265,23305],"r":[3089990,3089979,3090025,3090093,3090179],"i":[3095551,3095561,3095648,3095793,3095986]}
I (351252) SampleColl: addSample {"t":[23349,23389,23429,23469,23509],"r":[3090255,3090318,3090373,3090431,3090491],"i":[3096191,3096362,3096516,3096668,3096773]}
I (351468) SampleColl: addSample {"t":[23564,23604,23644,23684,23724,23764],"r":[3090534,3090610,3090660,3090625,3090413,3090113],"i":[3096933,3097114,3097253,3097192,3096670,3095933]}
I (351685) SampleColl: addSample {"t":[23782,23822,23862,23902,23942],"r":[3089914,3089866,3089949,3090064,3090102],"i":[3095449,3095274,3095436,3095741,3095913]}
I (351905) SampleColl: addSample {"t":[24001,24041,24081,24121,24161],"r":[3090117,3090131,3090175,3090233,3090337],"i":[3095891,3095932,3096025,3096204,3096404]}
I (352105) SampleColl: addSample {"t":[24202,24242,24282,24322],"r":[3090488,3090539,3090590,3090639],"i":[3096771,3096942,3097069,3097197]}
I (352322) SampleColl: addSample {"t":[24419,24459,24499,24539,24579],"r":[3090767,3090823,3090692,3090386,3090075],"i":[3097514,3097624,3097357,3096580,3095795]}
I (352538) SampleColl: addSample {"t":[24634,24674,24714,24754,24794],"r":[3089891,3089823,3089880,3089969,3090017],"i":[3095324,3095166,3095312,3095573,3095712]}
I (352741) SampleColl: addSample {"t":[24838,24878,24918,24958,24998],"r":[3090020,3090050,3090105,3090180,3090269],"i":[3095715,3095749,3095885,3096073,3096278]}
I (352960) SampleColl: addSample {"t":[25056,25096,25136,25176,25216,25256],"r":[3090349,3090418,3090494,3090526,3090579,3090650],"i":[3096486,3096628,3096813,3096932,3097069,3097247]}
I (353176) SampleColl: addSample {"t":[25272,25312,25352,25392,25432],"r":[3090716,3090756,3090627,3090298,3090005],"i":[3097423,3097512,3097216,3096438,3095653]}
I (353395) SampleColl: addSample {"t":[25491,25531,25571,25611,25651,25691],"r":[3089803,3089761,3089815,3089919,3089979,3089992],"i":[3095182,3095058,3095224,3095489,3095612,3095626]}
I (353596) SampleColl: addSample {"t":[25693,25733,25773,25813,25853],"r":[3090020,3090072,3090162,3090258,3090351],"i":[3095665,3095822,3096028,3096254,3096461]}
I (353814) SampleColl: addSample {"t":[25910,25950,25990,26030,26070],"r":[3090405,3090480,3090536,3090585,3090651],"i":[3096646,3096807,3096950,3097082,3097278]}
I (354032) SampleColl: addSample {"t":[26128,26168,26208,26248,26288],"r":[3090727,3090776,3090691,3090391,3090112],"i":[3097473,3097587,3097423,3096749,3096059]}
I (354233) SampleColl: addSample {"t":[26329,26369,26409,26449],"r":[3089905,3089965,3090067,3090116],"i":[3095541,3095661,3095912,3096060]}
I (354450) SampleColl: addSample {"t":[26547,26587,26627,26667,26707],"r":[3090142,3090193,3090267,3090349,3090442],"i":[3096148,3096276,3096467,3096666,3096886]}
I (354667) SampleColl: addSample {"t":[26764,26804,26844,26884,26924],"r":[3090523,3090587,3090631,3090673,3090732],"i":[3097074,3097247,3097374,3097557,3097708]}
I (354886) SampleColl: addSample {"t":[26982,27022,27062,27102,27142,27182],"r":[3090826,3090864,3090843,3090643,3090377,3090227],"i":[3097878,3098037,3098031,3097592,3097013,3096602]}
I (355087) SampleColl: addSample {"t":[27184,27224,27264,27304,27344],"r":[3090152,3090174,3090269,3090309,3090323],"i":[3096421,3096490,3096694,3096811,3096834]}
I (355304) SampleColl: addSample {"t":[27401,27441,27481,27521,27561],"r":[3090314,3090356,3090416,3090461,3090550],"i":[3096881,3096975,3097113,3097276,3097461]}
I (355521) SampleColl: addSample {"t":[27617,27657,27697,27737,27777,27817],"r":[3090604,3090668,3090705,3090740,3090795,3090869],"i":[3097599,3097773,3097878,3098002,3098172,3098327]}
I (355723) SampleColl: addSample {"t":[27819,27859,27899,27939,27979],"r":[3090923,3090910,3090745,3090543,3090412],"i":[3098474,3098485,3098155,3097709,3097439]}
I (355942) SampleColl: addSample {"t":[28039,28079,28119,28159,28199],"r":[3090365,3090417,3090499,3090515,3090511],"i":[3097328,3097422,3097594,3097661,3097639]}
I (356159) SampleColl: addSample {"t":[28255,28295,28335,28375,28415],"r":[3090500,3090533,3090583,3090654,3090712],"i":[3097684,3097761,3097863,3098027,3098177]}
I (356376) SampleColl: addSample {"t":[28472,28512,28552,28592,28632],"r":[3090805,3090839,3090880,3090926,3090968],"i":[3098432,3098525,3098623,3098776,3098913]}
I (356577) SampleColl: addSample {"t":[28674,28714,28754,28794,28834],"r":[3091005,3090916,3090685,3090500,3090379],"i":[3099013,3098796,3098330,3097864,3097573]}
I (356793) SampleColl: addSample {"t":[28890,28930,28970,29010,29050],"r":[3090317,3090337,3090371,3090362,3090340],"i":[3097446,3097480,3097614,3097623,3097549]}
I (357011) SampleColl: addSample {"t":[29107,29147,29187,29227,29267,29307],"r":[3090335,3090376,3090433,3090469,3090544,3090591],"i":[3097554,3097626,3097750,3097879,3097990,3098119]}
I (357213) SampleColl: addSample {"t":[29309,29349,29389,29429,29469],"r":[3090621,3090659,3090687,3090743,3090797],"i":[3098218,3098320,3098440,3098564,3098672]}
I (357430) SampleColl: addSample {"t":[29527,29567,29607,29647,29687],"r":[3090772,3090581,3090320,3090096,3089954],"i":[3098666,3098238,3097636,3097107,3096790]}
I (357648) SampleColl: addSample {"t":[29744,29784,29824,29864,29904,29944],"r":[3089897,3089936,3089969,3089942,3089935,3089959],"i":[3096614,3096686,3096720,3096684,3096649,3096679]}
I (357866) SampleColl: addSample {"t":[29962,30002,30042,30082,30122],"r":[3090002,3090061,3090124,3090170,3090235],"i":[3096765,3096909,3097049,3097194,3097297]}
I (358068) SampleColl: addSample {"t":[30165,30205,30245,30285,30325],"r":[3090276,3090297,3090361,3090427,3090452],"i":[3097405,3097528,3097658,3097807,3097879]}
I (358286) SampleColl: addSample {"t":[30382,30422,30462,30502,30542,30582],"r":[3090368,3090124,3089875,3089678,3089573,3089559],"i":[3097744,3097151,3096515,3096002,3095708,3095648]}
I (358501) SampleColl: addSample {"t":[30598,30638,30678,30718,30758],"r":[3089631,3089651,3089653,3089652,3089691],"i":[3095754,3095812,3095769,3095785,3095874]}
I (358703) SampleColl: addSample {"t":[30799,30839,30879,30919,30959],"r":[3089775,3089836,3089909,3089975,3090016],"i":[3095973,3096187,3096342,3096512,3096633]}
I (358924) SampleColl: addSample {"t":[31020,31060,31100,31140,31180],"r":[3090092,3090145,3090216,3090257,3090257],"i":[3096714,3096875,3097029,3097185,3097249]}
I (359139) SampleColl: addSample {"t":[31235,31275,31315,31355,31395],"r":[3089847,3089588,3089465,3089403,3089449],"i":[3096262,3095635,3095211,3095046,3095148]}
I (359356) SampleColl: addSample {"t":[31452,31492,31532,31572,31612],"r":[3089507,3089531,3089545,3089560,3089622],"i":[3095296,3095331,3095327,3095381,3095510]}
I (359560) SampleColl: addSample {"t":[31656,31696,31736,31776,31816],"r":[3089691,3089790,3089866,3089940,3089977],"i":[3095698,3095892,3096069,3096237,3096344]}
I (359776) SampleColl: addSample {"t":[31872,31912,31952,31992,32032,32072],"r":[3090026,3090083,3090151,3090208,3090204,3090049],"i":[3096465,3096602,3096778,3096937,3096958,3096578]}
I (359993) SampleColl: addSample {"t":[32090,32130,32170,32210,32250],"r":[3089764,3089576,3089460,3089460,3089527],"i":[3095912,3095377,3095070,3095034,3095205]}
I (360213) SampleColl: addSample {"t":[32309,32349,32389,32429,32469,32509],"r":[3089584,3089607,3089610,3089677,3089740,3089812],"i":[3095346,3095366,3095392,3095477,3095641,3095810]}
I (360434) SampleColl: addSample {"t":[32531,32571,32611,32651,32691],"r":[3089898,3089969,3090038,3090090,3090163],"i":[3096002,3096187,3096333,3096452,3096613]}
I (360652) SampleColl: addSample {"t":[32748,32788,32828,32868,32908,32948],"r":[3090230,3090276,3090320,3090231,3089998,3089743],"i":[3096790,3096968,3097087,3096894,3096272,3095612]}
I (360867) SampleColl: addSample {"t":[32964,33004,33044,33084,33124],"r":[3089566,3089497,3089556,3089626,3089666],"i":[3095171,3095000,3095123,3095311,3095402]}
I (361069) SampleColl: addSample {"t":[33165,33205,33245,33285,33325],"r":[3089687,3089734,3089794,3089884,3089950],"i":[3095407,3095497,3095642,3095806,3096011]}
I (361288) SampleColl: addSample {"t":[33385,33425,33465,33505,33545],"r":[3089998,3090090,3090147,3090206,3090275],"i":[3096189,3096379,3096545,3096673,3096850]}
I (361503) SampleColl: addSample {"t":[33600,33640,33680,33720,33760],"r":[3090398,3090403,3090210,3089853,3089556],"i":[3097210,3097214,3096728,3095931,3095201]}
I (361721) SampleColl: addSample {"t":[33817,33857,33897,33937,33977],"r":[3089395,3089358,3089424,3089509,3089527],"i":[3094737,3094589,3094759,3094969,3095074]}
I (361924) SampleColl: addSample {"t":[34021,34061,34101,34141,34181],"r":[3089559,3089605,3089680,3089754,3089848],"i":[3095100,3095199,3095360,3095599,3095822]}
I (362140) SampleColl: addSample {"t":[34236,34276,34316,34356,34396,34436],"r":[3089927,3090009,3090098,3090145,3090212,3090282],"i":[3096014,3096237,3096411,3096564,3096719,3096915]}
I (362355) SampleColl: addSample {"t":[34452,34492,34532,34572,34612],"r":[3090354,3090354,3090170,3089885,3089583],"i":[3097100,3097165,3096765,3095990,3095227]}
I (362557) SampleColl: addSample {"t":[34653,34693,34733,34773,34813],"r":[3089427,3089382,3089462,3089556,3089592],"i":[3094804,3094694,3094878,3095107,3095209]}
I (362774) SampleColl: addSample {"t":[34871,34911,34951,34991,35031],"r":[3089624,3089680,3089747,3089848,3089950],"i":[3095293,3095375,3095579,3095800,3096049]}
I (362991) SampleColl: addSample {"t":[35088,35128,35168,35208,35248],"r":[3090116,3090191,3090232,3090317,3090395],"i":[3096477,3096646,3096810,3096981,3097191]}
I (363209) SampleColl: addSample {"t":[35305,35345,35385,35425,35465],"r":[3090489,3090532,3090502,3090263,3089963],"i":[3097422,3097590,3097525,3096937,3096181]}
I (363411) SampleColl: addSample {"t":[35508,35548,35588,35628,35668],"r":[3089726,3089643,3089670,3089774,3089860],"i":[3095618,3095365,3095454,3095697,3095908]}
I (363629) SampleColl: addSample {"t":[35725,35765,35805,35845,35885,35925],"r":[3089884,3089928,3089991,3090076,3090154,3090244],"i":[3096000,3096076,3096197,3096382,3096598,3096834]}
I (363844) SampleColl: addSample {"t":[35941,35981,36021,36061,36101],"r":[3090325,3090429,3090478,3090541,3090618],"i":[3097007,3097249,3097429,3097590,3097739]}
I (364046) SampleColl: addSample {"t":[36142,36182,36222,36262,36302],"r":[3090701,3090775,3090839,3090733,3090507],"i":[3097930,3098115,3098256,3098090,3097520]}
I (364264) SampleColl: addSample {"t":[36360,36400,36440,36480,36520,36560],"r":[3090238,3090098,3090071,3090152,3090270,3090303],"i":[3096832,3096490,3096426,3096601,3096872,3096963]}
I (364480) SampleColl: addSample {"t":[36577,36617,36657,36697,36737],"r":[3090324,3090359,3090414,3090513,3090593],"i":[3097017,3097107,3097227,3097396,3097589]}
I (364700) SampleColl: addSample {"t":[36796,36836,36876,36916,36956],"r":[3090668,3090753,3090829,3090894,3090938],"i":[3097805,3098006,3098163,3098283,3098420]}
I (364901) SampleColl: addSample {"t":[36998,37038,37078,37118],"r":[3091063,3091119,3091065,3090823],"i":[3098752,3098918,3098797,3098244]}
I (365116) SampleColl: addSample {"t":[37213,37253,37293,37333,37373],"r":[3090330,3090258,3090269,3090375,3090439],"i":[3096936,3096694,3096743,3096972,3097150]}
I (365333) SampleColl: addSample {"t":[37430,37470,37510,37550,37590],"r":[3090464,3090482,3090524,3090600,3090679],"i":[3097220,3097252,3097364,3097539,3097734]}
I (365492) SysMan: {"n":"Heart Earrings","v":"1","r":"","hpInt":110560,"hpMin":109160,"hpAll":110560,"BLEMan":{"s":"adv","adv":"Heart1.7_22f696","rxBPS":0.0,"txBPS":0.0},"SysMan":{"avgUs":453.40,"maxUs":2852,"minUs":0,"slowUs":{"Jewelry":2448,"DevMan":425}}}
I (365535) SampleColl: addSample {"t":[37631,37671,37711,37751,37791],"r":[3090767,3090840,3090912,3090961,3091019],"i":[3097894,3098107,3098280,3098410,3098544]}
I (365753) SampleColl: addSample {"t":[37849,37889,37929,37969,38009,38049],"r":[3091086,3091148,3091211,3091195,3090957,3090652],"i":[3098695,3098852,3099020,3098977,3098433,3097617]}
I (365970) SampleColl: addSample {"t":[38067,38107,38147,38187,38227],"r":[3090366,3090265,3090256,3090340,3090427],"i":[3096947,3096635,3096630,3096832,3097055]}
I (366188) SampleColl: addSample {"t":[38284,38324,38364,38404,38444,38484],"r":[3090456,3090505,3090533,3090581,3090656,3090770],"i":[3097137,3097151,3097242,3097392,3097587,3097786]}
I (366389) SampleColl: addSample {"t":[38486,38526,38566,38606,38646],"r":[3090834,3090900,3090973,3091018,3091095],"i":[3098000,3098162,3098311,3098431,3098572]}
I (366606) SampleColl: addSample {"t":[38703,38743,38783,38823,38863],"r":[3091166,3091204,3091222,3091046,3090720],"i":[3098742,3098898,3098927,3098499,3097680]}
I (366821) SampleColl: addSample {"t":[38918,38958,38998,39038,39078],"r":[3090414,3090268,3090269,3090377,3090475],"i":[3096956,3096628,3096600,3096809,3097046]}
I (367023) SampleColl: addSample {"t":[39119,39159,39199,39239,39279],"r":[3090511,3090512,3090539,3090590,3090670],"i":[3097149,3097175,3097238,3097394,3097572]}
I (367243) SampleColl: addSample {"t":[39339,39379,39419,39459,39499,39539],"r":[3090748,3090822,3090905,3090967,3090999,3091034],"i":[3097768,3097971,3098116,3098257,3098338,3098481]}
I (367458) SampleColl: addSample {"t":[39555,39595,39635,39675,39715],"r":[3091102,3091166,3091178,3091040,3090737],"i":[3098638,3098792,3098844,3098553,3097828]}
I (367676) SampleColl: addSample {"t":[39772,39812,39852,39892,39932,39972],"r":[3090464,3090342,3090336,3090426,3090516,3090548],"i":[3097135,3096821,3096806,3097036,3097270,3097323]}
I (367879) SampleColl: addSample {"t":[39976,40016,40056,40096,40136],"r":[3090532,3090557,3090611,3090682,3090764],"i":[3097315,3097355,3097515,3097680,3097853]}
I (368095) SampleColl: addSample {"t":[40192,40232,40272,40312,40352],"r":[3090829,3090913,3090949,3091008,3091042],"i":[3098035,3098227,3098301,3098433,3098548]}
I (368313) SampleColl: addSample {"t":[40409,40449,40489,40529,40569,40609],"r":[3091106,3091177,3091172,3090997,3090683,3090454],"i":[3098719,3098861,3098866,3098416,3097688,3097119]}
I (368514) SampleColl: addSample {"t":[40610,40650,40690,40730,40770],"r":[3090368,3090430,3090496,3090586,3090604],"i":[3096895,3096978,3097229,3097409,3097450]}
I (368733) SampleColl: addSample {"t":[40830,40870,40910,40950,40990],"r":[3090604,3090643,3090716,3090760,3090853],"i":[3097453,3097517,3097656,3097820,3098018]}
I (368950) SampleColl: addSample {"t":[41047,41087,41127,41167,41207],"r":[3090949,3090993,3091037,3091083,3091155],"i":[3098178,3098298,3098439,3098568,3098709]}
I (369166) SampleColl: addSample {"t":[41262,41302,41342,41382,41422],"r":[3091231,3091096,3090751,3090428,3090228],"i":[3098932,3098625,3097826,3096991,3096467]}
I (369369) SampleColl: addSample {"t":[41466,41506,41546,41586,41626],"r":[3090168,3090215,3090315,3090365,3090366],"i":[3096316,3096444,3096677,3096780,3096812]}
I (369587) SampleColl: addSample {"t":[41683,41723,41763,41803,41843],"r":[3090383,3090446,3090523,3090611,3090680],"i":[3096822,3096941,3097118,3097309,3097496]}
I (369803) SampleColl: addSample {"t":[41899,41939,41979,42019,42059,42099],"r":[3090741,3090802,3090851,3090886,3090953,3091002],"i":[3097678,3097808,3097945,3098034,3098214,3098334]}
I (370003) SampleColl: addSample {"t":[42099,42139,42179,42219,42259],"r":[3091010,3090825,3090466,3090145,3090005],"i":[3098376,3097958,3097063,3096273,3095850]}
I (370225) SampleColl: addSample {"t":[42321,42361,42401,42441,42481],"r":[3089977,3090043,3090141,3090173,3090194],"i":[3095761,3095954,3096184,3096264,3096263]}
I (370441) SampleColl: addSample {"t":[42537,42577,42617,42657,42697,42737],"r":[3090200,3090284,3090385,3090483,3090548,3090620],"i":[3096342,3096492,3096694,3096923,3097100,3097291]}
I (370658) SampleColl: addSample {"t":[42755,42795,42835,42875,42915],"r":[3090672,3090722,3090784,3090856,3090930],"i":[3097427,3097557,3097692,3097875,3098005]}
I (370860) SampleColl: addSample {"t":[42957,42997,43037,43077,43117],"r":[3090926,3090727,3090370,3090055,3089915],"i":[3098066,3097601,3096712,3095929,3095553]}
I (371077) SampleColl: addSample {"t":[43174,43214,43254,43294,43334],"r":[3089885,3089978,3090082,3090116,3090132],"i":[3095519,3095737,3095978,3096050,3096060]}
I (371294) SampleColl: addSample {"t":[43391,43431,43471,43511,43551],"r":[3090225,3090297,3090389,3090477,3090530],"i":[3096258,3096466,3096664,3096859,3097010]}
I (371512) SampleColl: addSample {"t":[43608,43648,43688,43728,43768],"r":[3090572,3090614,3090666,3090745,3090788],"i":[3097138,3097234,3097386,3097553,3097715]}
I (371713) SampleColl: addSample {"t":[43810,43850,43890,43930,43970],"r":[3090798,3090661,3090331,3090027,3089885],"i":[3097765,3097406,3096608,3095868,3095518]}
I (371931) SampleColl: addSample {"t":[44027,44067,44107,44147,44187,44227],"r":[3089885,3090000,3090078,3090112,3090114,3090150],"i":[3095494,3095731,3095954,3096007,3096016,3096068]}
I (372146) SampleColl: addSample {"t":[44243,44283,44323,44363,44403],"r":[3090204,3090266,3090363,3090465,3090519],"i":[3096205,3096405,3096608,3096821,3096972]}
I (372348) SampleColl: addSample {"t":[44444,44484,44524,44564,44604],"r":[3090569,3090608,3090679,3090759,3090807],"i":[3097085,3097205,3097360,3097484,3097660]}
I (372568) SampleColl: addSample {"t":[44664,44704,44744,44784,44824,44864],"r":[3090805,3090595,3090255,3090000,3089894,3089897],"i":[3097685,3097172,3096341,3095661,3095383,3095382]}
I (372783) SampleColl: addSample {"t":[44880,44920,44960,45000,45040],"r":[3090019,3090103,3090107,3090124,3090154],"i":[3095650,3095827,3095862,3095893,3095981]}
I (373001) SampleColl: addSample {"t":[45097,45137,45177,45217,45257],"r":[3090229,3090314,3090405,3090476,3090551],"i":[3096121,3096338,3096539,3096744,3096906]}
I (373204) SampleColl: addSample {"t":[45301,45341,45381,45421],"r":[3090647,3090713,3090770,3090826],"i":[3097147,3097289,3097486,3097609]}
I (373419) SampleColl: addSample {"t":[45516,45556,45596,45636,45676],"r":[3090516,3090136,3089839,3089699,3089687],"i":[3096882,3095912,3095183,3094812,3094796]}
I (373636) SampleColl: addSample {"t":[45733,45773,45813,45853,45893],"r":[3089797,3089878,3089911,3089916,3089969],"i":[3095037,3095265,3095323,3095348,3095435]}
I (373856) SampleColl: addSample {"t":[45952,45992,46032,46072,46112,46152],"r":[3090042,3090110,3090223,3090299,3090365,3090444],"i":[3095597,3095831,3096047,3096248,3096417,3096570]}
I (374077) SampleColl: addSample {"t":[46174,46214,46254,46294,46334],"r":[3090487,3090553,3090635,3090682,3090680],"i":[3096715,3096864,3097026,3097204,3097205]}
I (374295) SampleColl: addSample {"t":[46391,46431,46471,46511,46551,46591],"r":[3090431,3090059,3089759,3089593,3089576,3089680],"i":[3096633,3095724,3094937,3094557,3094487,3094734]}
I (374511) SampleColl: addSample {"t":[46607,46647,46687,46727,46767],"r":[3089790,3089830,3089845,3089890,3089944],"i":[3094989,3095100,3095114,3095196,3095386]}
I (374713) SampleColl: addSample {"t":[46809,46849,46889,46929,46969],"r":[3090053,3090143,3090241,3090306,3090367],"i":[3095613,3095836,3096034,3096233,3096399]}
I (374933) SampleColl: addSample {"t":[47029,47069,47109,47149,47189,47229],"r":[3090418,3090479,3090542,3090610,3090650,3090526],"i":[3096540,3096657,3096853,3097036,3097138,3096879]}
I (375148) SampleColl: addSample {"t":[47245,47285,47325,47365,47405],"r":[3090185,3089836,3089626,3089580,3089669],"i":[3096048,3095183,3094668,3094543,3094714]}
I (375366) SampleColl: addSample {"t":[47462,47502,47542,47582,47622],"r":[3089788,3089849,3089853,3089873,3089925],"i":[3095026,3095194,3095179,3095229,3095360]}
I (375570) SampleColl: addSample {"t":[47666,47706,47746,47786,47826],"r":[3090001,3090090,3090186,3090268,3090326],"i":[3095564,3095759,3095990,3096184,3096335]}
I (375784) SampleColl: addSample {"t":[47881,47921,47961,48001,48041],"r":[3090421,3090488,3090564,3090621,3090579],"i":[3096576,3096731,3096929,3097092,3097052]}
I (376001) SampleColl: addSample {"t":[48098,48138,48178,48218,48258],"r":[3090333,3090003,3089778,3089737,3089814],"i":[3096432,3095570,3095027,3094865,3095034]}
I (376221) SampleColl: addSample {"t":[48317,48357,48397,48437,48477,48517],"r":[3089956,3090011,3090022,3090028,3090086,3090160],"i":[3095347,3095533,3095551,3095599,3095699,3095859]}
I (376442) SampleColl: addSample {"t":[48539,48579,48619,48659,48699],"r":[3090238,3090337,3090417,3090483,3090515],"i":[3096058,3096285,3096464,3096628,3096747]}
I (376658) SampleColl: addSample {"t":[48754,48794,48834,48874,48914,48954],"r":[3090557,3090615,3090691,3090735,3090716,3090414],"i":[3096845,3097005,3097166,3097324,3097278,3096530]}
I (376874) SampleColl: addSample {"t":[48970,49010,49050,49090,49130],"r":[3090033,3089741,3089634,3089660,3089782],"i":[3095559,3094849,3094558,3094613,3094878]}
I (377077) SampleColl: addSample {"t":[49174,49214,49254,49294,49334],"r":[3089864,3089902,3089882,3089942,3090020],"i":[3095087,3095161,3095159,3095263,3095424]}
I (377294) SampleColl: addSample {"t":[49391,49431,49471,49511,49551],"r":[3090107,3090191,3090271,3090351,3090404],"i":[3095654,3095868,3096078,3096239,3096390]}
I (377510) SampleColl: addSample {"t":[49607,49647,49687,49727,49767],"r":[3090516,3090595,3090650,3090654,3090412],"i":[3096641,3096864,3097011,3097024,3096442]}
I (377730) SampleColl: addSample {"t":[49826,49866,49906,49946,49986],"r":[3090014,3089707,3089574,3089585,3089716],"i":[3095465,3094687,3094343,3094334,3094605]}
I (377932) SampleColl: addSample {"t":[50029,50069,50109,50149,50189],"r":[3089816,3089859,3089851,3089889,3089965],"i":[3094875,3094980,3095000,3095075,3095232]}
I (378148) SampleColl: addSample {"t":[50244,50284,50324,50364,50404,50444],"r":[3090059,3090160,3090236,3090323,3090380,3090427],"i":[3095447,3095699,3095910,3096101,3096253,3096372]}
I (378365) SampleColl: addSample {"t":[50462,50502,50542,50582,50622],"r":[3090478,3090558,3090630,3090634,3090489],"i":[3096494,3096687,3096878,3096934,3096573]}
I (378567) SampleColl: addSample {"t":[50663,50703,50743,50783,50823],"r":[3090101,3089764,3089587,3089572,3089690],"i":[3095660,3094795,3094348,3094276,3094529]}
I (378785) SampleColl: addSample {"t":[50881,50921,50961,51001,51041,51081],"r":[3089795,3089861,3089838,3089868,3089937,3090023],"i":[3094823,3094964,3094940,3094978,3095128,3095328]}
I (379000) SampleColl: addSample {"t":[51097,51137,51177,51217,51257],"r":[3090109,3090200,3090261,3090338,3090366],"i":[3095542,3095734,3095929,3096084,3096170]}
I (379220) SampleColl: addSample {"t":[51316,51356,51396,51436,51476],"r":[3090415,3090485,3090558,3090597,3090493],"i":[3096315,3096481,3096649,3096766,3096547]}
I (379442) SampleColl: addSample {"t":[51538,51578,51618,51658,51698],"r":[3089836,3089658,3089670,3089782,3089909],"i":[3094923,3094491,3094474,3094763,3095081]}
I (379659) SampleColl: addSample {"t":[51756,51796,51836,51876,51916],"r":[3089955,3089963,3090000,3090055,3090125],"i":[3095186,3095187,3095223,3095369,3095553]}
I (379875) SampleColl: addSample {"t":[51972,52012,52052,52092,52132],"r":[3090335,3090398,3090455,3090498,3090555],"i":[3096007,3096186,3096338,3096445,3096568]}
I (380077) SampleColl: addSample {"t":[52173,52213,52253,52293,52333],"r":[3090618,3090672,3090667,3090421,3090039],"i":[3096732,3096885,3096901,3096352,3095337]}
I (380296) SampleColl: addSample {"t":[52393,52433,52473,52513,52553],"r":[3089734,3089630,3089664,3089792,3089891],"i":[3094613,3094314,3094354,3094619,3094860]}
I (380512) SampleColl: addSample {"t":[52608,52648,52688,52728,52768,52808],"r":[3089918,3089910,3089955,3090040,3090135,3090214],"i":[3094923,3094942,3095032,3095208,3095411,3095656]}
I (380730) SampleColl: addSample {"t":[52826,52866,52906,52946,52986],"r":[3090298,3090381,3090414,3090448,3090522],"i":[3095847,3096033,3096140,3096243,3096388]}
I (380934) SampleColl: addSample {"t":[53030,53070,53110,53150,53190],"r":[3090592,3090641,3090574,3090208,3089801],"i":[3096584,3096726,3096568,3095731,3094684]}
I (381149) SampleColl: addSample {"t":[53245,53285,53325,53365,53405,53445],"r":[3089543,3089473,3089539,3089677,3089773,3089784],"i":[3094029,3093792,3093889,3094233,3094466,3094505]}
I (381366) SampleColl: addSample {"t":[53463,53503,53543,53583,53623],"r":[3089796,3089857,3089945,3090038,3090123],"i":[3094523,3094659,3094866,3095093,3095320]}
I (381586) SampleColl: addSample {"t":[53682,53722,53762,53802,53842],"r":[3090205,3090275,3090330,3090353,3090433],"i":[3095515,3095668,3095805,3095935,3096114]}
I (381807) SampleColl: addSample {"t":[53904,53944,53984,54024,54064],"r":[3090575,3090430,3090054,3089652,3089456],"i":[3096421,3096133,3095197,3094243,3093723]}
I (382024) SampleColl: addSample {"t":[54121,54161,54201,54241,54281],"r":[3089436,3089520,3089666,3089739,3089737],"i":[3093577,3093795,3094139,3094307,3094298]}
I (382240) SampleColl: addSample {"t":[54336,54376,54416,54456,54496,54536],"r":[3089758,3089822,3089894,3090009,3090094,3090181],"i":[3094331,3094468,3094665,3094904,3095152,3095351]}
I (382442) SampleColl: addSample {"t":[54538,54578,54618,54658,54698],"r":[3090248,3090274,3090335,3090411,3090480],"i":[3095495,3095609,3095737,3095908,3096097]}
I (382661) SampleColl: addSample {"t":[54758,54798,54838,54878,54918],"r":[3090510,3090364,3089975,3089624,3089473],"i":[3096176,3095866,3094951,3094072,3093633]}
I (382877) SampleColl: addSample {"t":[54973,55013,55053,55093,55133,55173],"r":[3089478,3089608,3089751,3089786,3089784,3089818],"i":[3093586,3093882,3094233,3094365,3094352,3094391]}
I (383095) SampleColl: addSample {"t":[55191,55231,55271,55311,55351],"r":[3089894,3089986,3090108,3090225,3090304],"i":[3094560,3094791,3095036,3095274,3095480]}
I (383299) SampleColl: addSample {"t":[55395,55435,55475,55515,55555],"r":[3090362,3090406,3090499,3090570,3090645],"i":[3095610,3095736,3095923,3096109,3096296]}
I (383513) SampleColl: addSample {"t":[55610,55650,55690,55730,55770],"r":[3090655,3090441,3090067,3089827,3089743],"i":[3096344,3095875,3094992,3094349,3094136]}
I (383730) SampleColl: addSample {"t":[55827,55867,55907,55947,55987],"r":[3089940,3090048,3090064,3090076,3090128],"i":[3094633,3094866,3094919,3094921,3095001]}
I (383950) SampleColl: addSample {"t":[56046,56086,56126,56166,56206],"r":[3090170,3090279,3090370,3090446,3090500],"i":[3095151,3095399,3095618,3095810,3095960]}
I (384172) SampleColl: addSample {"t":[56268,56308,56348,56388,56428,56468],"r":[3090541,3090580,3090662,3090740,3090760,3090572],"i":[3096065,3096188,3096337,3096514,3096595,3096155]}
I (384389) SampleColl: addSample {"t":[56486,56526,56566,56606,56646],"r":[3090155,3089820,3089630,3089630,3089745],"i":[3095152,3094275,3093833,3093753,3094015]}
I (384605) SampleColl: addSample {"t":[56701,56741,56781,56821,56861,56901],"r":[3089889,3089956,3089957,3089978,3090039,3090136],"i":[3094374,3094525,3094513,3094564,3094719,3094944]}
I (384807) SampleColl: addSample {"t":[56903,56943,56983,57023,57063],"r":[3090221,3090319,3090389,3090465,3090499],"i":[3095198,3095417,3095623,3095779,3095876]}
I (385026) SampleColl: addSample {"t":[57123,57163,57203,57243,57283],"r":[3090560,3090641,3090680,3090618,3090298],"i":[3096019,3096205,3096364,3096261,3095492]}
I (385241) SampleColl: addSample {"t":[57338,57378,57418,57458,57498,57538],"r":[3089897,3089648,3089571,3089619,3089770,3089884],"i":[3094487,3093837,3093620,3093723,3094081,3094349]}
I (385460) SampleColl: addSample {"t":[57556,57596,57636,57676,57716],"r":[3089906,3089926,3089992,3090080,3090191],"i":[3094412,3094434,3094593,3094795,3095052]}
I (385661) SampleColl: addSample {"t":[57758,57798,57838,57878,57918],"r":[3090289,3090393,3090449,3090494,3090554],"i":[3095313,3095549,3095708,3095864,3096015]}
I (385877) SampleColl: addSample {"t":[57974,58014,58054,58094,58134],"r":[3090627,3090690,3090731,3090605,3090247],"i":[3096210,3096384,3096504,3096216,3095381]}
I (386095) SampleColl: addSample {"t":[58191,58231,58271,58311,58351],"r":[3089771,3089731,3089818,3089942,3089996],"i":[3094156,3094091,3094310,3094620,3094764]}
I (386296) SampleColl: addSample {"t":[58392,58432,58472,58512,58552],"r":[3090002,3090036,3090103,3090180,3090287],"i":[3094803,3094876,3095045,3095249,3095466]}
I (386513) SampleColl: addSample {"t":[58610,58650,58690,58730,58770],"r":[3090366,3090430,3090472,3090519,3090563],"i":[3095679,3095841,3095973,3096093,3096247]}
I (386731) SampleColl: addSample {"t":[58827,58867,58907,58947,58987,59027],"r":[3090620,3090697,3090674,3090431,3090128,3089927],"i":[3096431,3096604,3096558,3096000,3095265,3094786]}
I (386949) SampleColl: addSample {"t":[59045,59085,59125,59165,59205],"r":[3089849,3089927,3090034,3090092,3090118],"i":[3094611,3094740,3095035,3095220,3095254]}
I (387150) SampleColl: addSample {"t":[59247,59287,59327,59367,59407],"r":[3090124,3090165,3090255,3090316,3090375],"i":[3095296,3095388,3095541,3095729,3095889]}
I (387368) SampleColl: addSample {"t":[59464,59504,59544,59584,59624,59664],"r":[3090451,3090506,3090542,3090603,3090667,3090710],"i":[3096077,3096213,3096327,3096469,3096646,3096746]}
I (387583) SampleColl: addSample {"t":[59680,59720,59760,59800,59840],"r":[3090582,3090308,3090018,3089855,3089786],"i":[3096526,3095841,3095152,3094707,3094526]}
I (387785) SampleColl: addSample {"t":[59881,59921,59961,60001,60041],"r":[3089819,3089903,3089974,3089975,3089983],"i":[3094631,3094846,3094963,3094992,3095039]}
I (388004) SampleColl: addSample {"t":[60101,60141,60181,60221,60261],"r":[3090049,3090107,3090189,3090277,3090339],"i":[3095162,3095319,3095547,3095741,3095902]}
I (388219) SampleColl: addSample {"t":[60316,60356,60396,60436,60476],"r":[3090443,3090505,3090555,3090576,3090423],"i":[3096155,3096324,3096483,3096552,3096192]}
I (388437) SampleColl: addSample {"t":[60533,60573,60613,60653,60693],"r":[3090104,3089841,3089655,3089600,3089668],"i":[3095455,3094763,3094309,3094162,3094263]}
I (388640) SampleColl: addSample {"t":[60737,60777,60817,60857,60897],"r":[3089755,3089769,3089797,3089832,3089880],"i":[3094449,3094564,3094591,3094692,3094821]}
