I (1075) HeartEarring: loop BPM 60.000 (1.000Hz) 868480,49024.30,0;1982659,258598.03,0;3092677,677309.53,0;3105152,1162387.93,0;3105114,1451608.31,0;
I (1078) SampleColl: addSample {"t":[761,801,841,881,921],"r":[868480,1982659,3092677,3105152,3105114],"i":[868482,1982676,3096698,3389518,3389501]}
I (1280) HeartEarring: loop BPM 60.000 (1.000Hz) 3105135,1398625.61,0;3105136,1050553.05,0;3105182,548626.77,0;3105221,39977.98,0;3105242,-373872.12,1;
I (1283) SampleColl: addSample {"t":[966,1006,1046,1086,1126],"r":[3105135,3105136,3105182,3105221,3105242],"i":[3389469,3389552,3389590,3389675,3389736]}
I (1309) HeartEarring: loop HR 1.000Hz (60.000 BPM) timeOfNextPeakMs 1876 interval 1000ms
I (1499) HeartEarring: loop BPM 60.000 (1.000Hz) 3105289,-650875.43,0;3105352,-796801.19,0;3105415,-843307.06,0;3105444,-827565.19,0;3105333,-779437.15,0;
I (1502) SampleColl: addSample {"t":[1185,1225,1265,1305,1345],"r":[3105289,3105352,3105415,3105444,3105333],"i":[3389807,3389905,3390041,3390069,3389795]}
I (1700) HeartEarring: loop BPM 60.000 (1.000Hz) 3104944,-716978.55,0;3104510,-647896.24,0;3104449,-573666.44,0;3104529,-493722.10,0;3104647,-408286.14,0;
I (1703) SampleColl: addSample {"t":[1385,1425,1465,1505,1545],"r":[3104944,3104510,3104449,3104529,3104647],"i":[3388877,3387832,3387683,3387912,3388233]}
I (1902) HeartEarring: loop BPM 60.000 (1.000Hz) 3104801,-319426.45,0;3104887,-230731.19,0;3104880,-146350.52,0;3104846,-70012.23,0;3104847,-4368.22,0;
I (1905) SampleColl: addSample {"t":[1588,1628,1668,1708,1748],"r":[3104801,3104887,3104880,3104846,3104847],"i":[3388595,3388815,3388806,3388718,3388765]}
I (2122) HeartEarring: loop BPM 60.000 (1.000Hz) 3104911,49217.01,0;3104957,90520.43,0;3105011,120139.36,0;3105043,139162.29,0;3105060,148912.49,0;3105060,150786.70,0;
I (2125) SampleColl: addSample {"t":[1808,1848,1888,1928,1968,2008],"r":[3104911,3104957,3105011,3105043,3105060,3105060],"i":[3388928,3389064,3389205,3389299,3389359,3389364]}
I (2311) HeartEarring: loop HR 1.000Hz (60.000 BPM) timeOfNextPeakMs 2876 interval 1000ms
I (2342) HeartEarring: loop BPM 60.000 (1.000Hz) 3105061,146175.17,0;3105073,136428.81,0;3105035,122838.74,0;3104762,106603.40,0;3104194,88796.41,0;
I (2345) SampleColl: addSample {"t":[2028,2068,2108,2148,2188],"r":[3105061,3105073,3105035,3104762,3104194],"i":[3389408,3389452,3389420,3388718,3387338]}
I (2548) HeartEarring: loop BPM 60.000 (1.000Hz) 3104053,70402.35,0;3104120,52352.71,0;3104230,35437.45,0;3104395,20214.33,0;3104541,7014.32,0;
I (2550) SampleColl: addSample {"t":[2234,2274,2314,2354,2394],"r":[3104053,3104120,3104230,3104395,3104541],"i":[3386912,3387105,3387396,3387870,3388239]}
I (2768) HeartEarring: loop BPM 59.994 (1.000Hz) 3104479,-4026.09,1;3104412,-12911.21,0;3104462,-19705.20,0;3104515,-24498.13,0;3104589,-27426.65,0;
I (2771) SampleColl: addSample {"t":[2454,2494,2534,2574,2614],"r":[3104479,3104412,3104462,3104515,3104589],"i":[3388108,3387992,3388116,3388212,3388316]}
I (2987) HeartEarring: loop BPM 59.994 (1.000Hz) 3104645,-28684.28,0;3104730,-28509.24,0;3104777,-27166.34,0;3104811,-24930.53,0;3104881,-22064.75,0;
I (2990) SampleColl: addSample {"t":[2673,2713,2753,2793,2833],"r":[3104645,3104730,3104777,3104811,3104881],"i":[3388495,3388642,3388779,3388902,3388990]}
I (3190) HeartEarring: loop BPM 59.994 (1.000Hz) 3104782,-18812.61,0;3104263,-15421.68,0;3103850,-12114.02,0;3103777,-8998.16,0;
I (3193) SampleColl: addSample {"t":[2875,2915,2955,2995],"r":[3104782,3104263,3103850,3103777],"i":[3388864,3387568,3386517,3386358]}
I (3314) HeartEarring: loop HR 1.000Hz (59.994 BPM) timeOfNextPeakMs 3204 interval 1000ms
I (3391) HeartEarring: loop BPM 59.994 (1.000Hz) 3104023,-6066.28,0;3104244,-3298.51,0;3104341,-750.49,0;3104321,1457.88,0;
I (3394) SampleColl: addSample {"t":[3077,3117,3157,3197],"r":[3104023,3104244,3104341,3104321],"i":[3387040,3387657,3387926,3387847]}
I (3609) HeartEarring: loop BPM 59.994 (1.000Hz) 3104244,3213.27,0;3104286,4470.56,0;3104346,5265.04,0;3104403,5671.42,0;3104437,5764.32,0;
I (3612) SampleColl: addSample {"t":[3295,3335,3375,3415,3455],"r":[3104244,3104286,3104346,3104403,3104437],"i":[3387688,3387836,3388015,3388157,3388262]}
I (3810) HeartEarring: loop BPM 59.994 (1.000Hz) 3104492,5608.29,0;3104523,5258.59,0;3104549,4761.39,0;3104627,4160.60,0;3104620,3497.42,0;
I (3813) SampleColl: addSample {"t":[3495,3535,3575,3615,3655],"r":[3104492,3104523,3104549,3104627,3104620],"i":[3388391,3388448,3388573,3388736,3388754]}
I (4014) HeartEarring: loop BPM 59.993 (1.000Hz) 3104341,2786.68,0;3103749,2007.60,0;3103448,1165.43,0;3103442,357.11,0;3103588,-280.32,1;
I (4017) SampleColl: addSample {"t":[3700,3740,3780,3820,3860],"r":[3104341,3103749,3103448,3103442,3103588],"i":[3388063,3386565,3385808,3385779,3386137]}
I (4232) HeartEarring: loop BPM 59.993 (1.000Hz) 3103802,-666.72,0;3103973,-812.78,0;3103939,-806.17,0;3103762,-767.11,0;3103677,-776.45,0;
I (4235) SampleColl: addSample {"t":[3918,3958,3998,4038,4078],"r":[3103802,3103973,3103939,3103762,3103677],"i":[3386755,3387139,3386946,3386445,3386205]}
I (4317) HeartEarring: loop HR 1.000Hz (59.993 BPM) timeOfNextPeakMs 4610 interval 1000ms
I (4452) HeartEarring: loop BPM 59.993 (1.000Hz) 3103767,-828.65,0;3103848,-865.55,0;3103952,-842.15,0;3104070,-747.94,0;3104067,-604.75,0;
I (4455) SampleColl: addSample {"t":[4138,4178,4218,4258,4298],"r":[3103767,3103848,3103952,3104070,3104067],"i":[3386390,3386605,3386840,3387074,3387055]}
I (4657) HeartEarring: loop BPM 59.993 (1.000Hz) 3104087,-453.49,0;3104172,-319.77,0;3104232,-205.56,0;3104183,-114.25,0;3103749,-78.52,0;
I (4660) SampleColl: addSample {"t":[4342,4382,4422,4462,4502],"r":[3104087,3104172,3104232,3104183,3103749],"i":[3387120,3387322,3387470,3387403,3386260]}
I (4877) HeartEarring: loop BPM 59.993 (1.000Hz) 3103151,-152.12,0;3102946,-328.96,0;3102971,-502.90,0;3103113,-554.11,0;3103368,-431.51,0;3103607,-161.53,0;
I (4880) SampleColl: addSample {"t":[4563,4603,4643,4683,4723,4763],"r":[3103151,3102946,3102971,3103113,3103368,3103607],"i":[3384636,3384039,3384152,3384569,3385374,3385978]}
I (5095) HeartEarring: loop BPM 59.993 (1.000Hz) 3103657,166.53,0;3103581,437.32,0;3103569,575.51,0;3103590,582.38,0;3103716,513.00,0;
I (5098) SampleColl: addSample {"t":[4781,4821,4861,4901,4941],"r":[3103657,3103581,3103569,3103590,3103716],"i":[3386121,3385957,3385885,3386008,3386325]}
I (5298) HeartEarring: loop BPM 59.993 (1.000Hz) 3103792,429.36,0;3103879,365.21,0;3103919,323.20,0;3103967,290.18,0;3104001,252.36,0;
I (5301) SampleColl: addSample {"t":[4984,5024,5064,5104,5144],"r":[3103792,3103879,3103919,3103967,3104001],"i":[3386559,3386774,3386906,3387049,3387169]}
I (5319) HeartEarring: loop HR 1.000Hz (59.993 BPM) timeOfNextPeakMs 5610 interval 1000ms
I (5473) SysMan: {"n":"Heart Earrings","v":"a724b68-dirty","r":"","hpInt":110336,"hpMin":108980,"hpAll":110336,"BLEMan":{"s":"adv","adv":"Heart1.7_22f696","rxBPS":0.0,"txBPS":0.0},"SysMan":{"avgUs":423.49,"maxUs":3085,"minUs":0,"slowUs":{"Jewelry":2917,"DevMan":1661}}}
I (5499) HeartEarring: loop BPM 59.992 (1.000Hz) 3104040,203.49,0;3104099,146.19,0;3103988,79.49,0;3103478,-30.80,1;3102936,-232.38,0;
I (5502) SampleColl: addSample {"t":[5185,5225,5265,5305,5345],"r":[3104040,3104099,3103988,3103478,3102936],"i":[3387284,3387452,3387243,3385899,3384460]}
I (5719) HeartEarring: loop BPM 59.992 (1.000Hz) 3102847,-496.27,0;3102972,-700.19,0;3103176,-734.56,0;3103482,-575.04,0;3103641,-278.95,0;3103610,39.09,0;
I (5722) SampleColl: addSample {"t":[5405,5445,5485,5525,5565,5605],"r":[3102847,3102972,3103176,3103482,3103641,3103610],"i":[3384204,3384475,3385065,3385943,3386346,3386285]}
I (5920) HeartEarring: loop BPM 59.992 (1.000Hz) 3103565,267.25,0;3103567,360.94,0;3103615,347.02,0;3103690,283.84,0;3103724,219.87,0;
I (5923) SampleColl: addSample {"t":[5605,5645,5685,5725,5765],"r":[3103565,3103567,3103615,3103690,3103724],"i":[3386137,3386159,3386329,3386512,3386647]}
I (6122) HeartEarring: loop BPM 59.992 (1.000Hz) 3103789,177.00,0;3103818,156.60,0;3103821,146.11,0;3103909,134.63,0;3103960,122.51,0;
I (6125) SampleColl: addSample {"t":[5808,5848,5888,5928,5968],"r":[3103789,3103818,3103821,3103909,3103960],"i":[3386799,3386860,3386948,3387141,3387311]}
I (6323) HeartEarring: loop HR 1.000Hz (59.992 BPM) timeOfNextPeakMs 6055 interval 1000ms
I (6342) HeartEarring: loop BPM 60.010 (1.000Hz) 3103958,106.88,0;3103579,57.97,0;3102893,-85.53,1;3102625,-337.13,0;3102598,-597.32,0;
I (6345) SampleColl: addSample {"t":[6028,6068,6108,6148,6188],"r":[3103958,3103579,3102893,3102625,3102598],"i":[3387338,3386355,3384572,3383777,3383731]}
I (6561) HeartEarring: loop BPM 60.010 (1.000Hz) 3102638,-738.10,0;3102815,-698.72,0;3103073,-489.13,0;3103173,-177.29,0;3103128,128.06,0;3103103,334.48,0;
I (6564) SampleColl: addSample {"t":[6247,6287,6327,6367,6407,6447],"r":[3102638,3102815,3103073,3103173,3103128,3103103],"i":[3383884,3384384,3385099,3385393,3385285,3385257]}
I (6767) HeartEarring: loop BPM 60.010 (1.000Hz) 3103177,419.36,0;3103269,420.53,0;3103362,388.51,0;3103452,356.28,0;3103541,335.59,0;
I (6770) SampleColl: addSample {"t":[6453,6493,6533,6573,6613],"r":[3103177,3103269,3103362,3103452,3103541],"i":[3385430,3385696,3385999,3386234,3386449]}
I (6987) HeartEarring: loop BPM 60.010 (1.000Hz) 3103538,318.55,0;3103579,288.96,0;3103655,243.92,0;3103717,193.18,0;3103621,135.41,0;
I (6990) SampleColl: addSample {"t":[6673,6713,6753,6793,6833],"r":[3103538,3103579,3103655,3103717,3103621],"i":[3386533,3386624,3386821,3386999,3386735]}
I (7205) HeartEarring: loop BPM 60.010 (1.000Hz) 3102982,25.27,0;3102419,-196.88,1;3102281,-496.26,0;3102309,-739.78,0;3102421,-814.99,0;3102653,-693.15,0;
I (7208) SampleColl: addSample {"t":[6891,6931,6971,7011,7051,7091],"r":[3102982,3102419,3102281,3102309,3102421,3102653],"i":[3385072,3383611,3383186,3383262,3383627,3384329]}
I (7326) HeartEarring: loop HR 1.000Hz (60.010 BPM) timeOfNextPeakMs 7680 interval 999ms
I (7408) HeartEarring: loop BPM 60.010 (1.000Hz) 3102886,-415.99,0;3102887,-79.75,0;3102848,200.57,0;3102859,358.46,0;3102922,401.38,0;
I (7411) SampleColl: addSample {"t":[7094,7134,7174,7214,7254],"r":[3102886,3102887,3102848,3102859,3102922],"i":[3384937,3384931,3384829,3384883,3385109]}
I (7611) HeartEarring: loop BPM 60.010 (1.000Hz) 3103010,378.00,0;3103198,343.04,0;3103260,328.64,0;3103321,329.21,0;3103363,323.64,0;
I (7614) SampleColl: addSample {"t":[7297,7337,7377,7417,7457],"r":[3103010,3103198,3103260,3103321,3103363],"i":[3385441,3385855,3386060,3386245,3386346]}
I (7830) HeartEarring: loop BPM 60.016 (1.000Hz) 3103402,298.22,0;3103487,253.02,0;3103509,196.44,0;3103183,113.41,0;3102491,-52.50,1;
I (7833) SampleColl: addSample {"t":[7516,7556,7596,7636,7676],"r":[3103402,3103487,3103509,3103183,3102491],"i":[3386395,3386670,3386773,3385933,3384084]}
I (8031) HeartEarring: loop BPM 60.016 (1.000Hz) 3102166,-323.95,0;3102140,-611.23,0;3102225,-779.88,0;3102432,-756.15,0;3102689,-547.90,0;
I (8034) SampleColl: addSample {"t":[7717,7757,7797,7837,7877],"r":[3102166,3102140,3102225,3102432,3102689],"i":[3383209,3383215,3383478,3384087,3384826]}
I (8235) HeartEarring: loop BPM 60.016 (1.000Hz) 3102782,-231.36,0;3102753,78.03,0;3102711,285.91,0;3102736,366.10,0;3102865,357.60,0;
I (8237) SampleColl: addSample {"t":[7921,7961,8001,8041,8081],"r":[3102782,3102753,3102711,3102736,3102865],"i":[3385028,3384956,3384864,3385012,3385391]}
I (8328) HeartEarring: loop HR 1.000Hz (60.016 BPM) timeOfNextPeakMs 8425 interval 999ms
I (8453) HeartEarring: loop BPM 60.016 (1.000Hz) 3102994,322.70,0;3103086,301.03,0;3103136,296.11,0;3103163,291.24,0;3103173,269.21,0;3103221,225.40,0;
I (8456) SampleColl: addSample {"t":[8139,8179,8219,8259,8299,8339],"r":[3102994,3103086,3103136,3103163,3103173,3103221],"i":[3385680,3385952,3386110,3386182,3386215,3386348]}
I (8673) HeartEarring: loop BPM 60.015 (1.000Hz) 3103255,168.25,0;3103180,102.42,0;3102659,-2.08,1;3102050,-198.73,0;3101795,-476.17,0;
I (8676) SampleColl: addSample {"t":[8359,8399,8439,8479,8519],"r":[3103255,3103180,3102659,3102050,3101795],"i":[3386483,3386321,3384994,3383375,3382735]}
I (8878) HeartEarring: loop BPM 60.015 (1.000Hz) 3101786,-725.00,0;3101891,-826.24,0;3102106,-731.15,0;3102283,-471.56,0;3102281,-142.75,0;
I (8881) SampleColl: addSample {"t":[8563,8603,8643,8683,8723],"r":[3101786,3101891,3102106,3102283,3102281],"i":[3382669,3382975,3383662,3384174,3384143]}
I (9098) HeartEarring: loop BPM 60.015 (1.000Hz) 3102209,140.29,0;3102251,311.09,0;3102304,376.31,0;3102399,379.53,0;3102515,364.92,0;3102628,359.61,0;
I (9101) SampleColl: addSample {"t":[8784,8824,8864,8904,8944,8984],"r":[3102209,3102251,3102304,3102399,3102515,3102628],"i":[3384035,3384147,3384286,3384590,3384916,3385233]}
I (9318) HeartEarring: loop BPM 60.015 (1.000Hz) 3102683,365.18,0;3102715,364.77,0;3102761,342.91,0;3102818,298.32,0;3102888,240.58,0;
I (9321) SampleColl: addSample {"t":[9004,9044,9084,9124,9164],"r":[3102683,3102715,3102761,3102818,3102888],"i":[3385430,3385537,3385666,3385817,3386020]}
I (9331) HeartEarring: loop HR 1.000Hz (60.015 BPM) timeOfNextPeakMs 9188 interval 999ms
I (9519) HeartEarring: loop BPM 60.011 (1.000Hz) 3102826,174.03,0;3102295,65.28,0;3101686,-143.34,1;3101497,-435.86,0;3101520,-693.11,0;
I (9522) SampleColl: addSample {"t":[9205,9245,9285,9325,9365],"r":[3102826,3102295,3101686,3101497,3101520],"i":[3385942,3384609,3382965,3382499,3382611]}
I (9721) HeartEarring: loop BPM 60.011 (1.000Hz) 3101638,-795.30,0;3101908,-698.24,0;3102143,-433.64,0;3102142,-99.27,0;3102059,180.66,0;
I (9724) SampleColl: addSample {"t":[9407,9447,9487,9527,9567],"r":[3101638,3101908,3102143,3102142,3102059],"i":[3382964,3383787,3384414,3384447,3384233]}
I (9941) HeartEarring: loop BPM 60.011 (1.000Hz) 3102015,329.64,0;3102099,355.53,0;3102207,319.91,0;3102300,280.79,0;3102366,262.41,0;3102407,260.09,0;
I (9944) SampleColl: addSample {"t":[9627,9667,9707,9747,9787,9827],"r":[3102015,3102099,3102207,3102300,3102366,3102407],"i":[3384127,3384413,3384705,3384952,3385153,3385301]}
I (10160) HeartEarring: loop BPM 60.011 (1.000Hz) 3102412,255.75,0;3102413,233.06,0;3102473,190.69,0;3102535,142.17,0;3102474,93.74,0;
I (10163) SampleColl: addSample {"t":[9845,9885,9925,9965,10005],"r":[3102412,3102413,3102473,3102535,3102474],"i":[3385300,3385337,3385517,3385694,3385583]}
I (10333) HeartEarring: loop HR 1.000Hz (60.011 BPM) timeOfNextPeakMs 10034 interval 999ms
I (10366) HeartEarring: loop BPM 60.014 (1.000Hz) 3102011,13.56,0;3101402,-156.19,1;3101239,-408.31,0;3101286,-632.20,0;3101465,-708.97,0;
I (10369) SampleColl: addSample {"t":[10052,10092,10132,10172,10212],"r":[3102011,3101402,3101239,3101286,3101465],"i":[3384425,3382877,3382481,3382637,3383197]}
I (10586) HeartEarring: loop BPM 60.014 (1.000Hz) 3101799,-590.44,0;3102022,-309.80,0;3102015,25.72,0;3101948,289.12,0;3101915,411.45,0;3101990,407.94,0;
I (10589) SampleColl: addSample {"t":[10272,10312,10352,10392,10432,10472],"r":[3101799,3102022,3102015,3101948,3101915,3101990],"i":[3384118,3384696,3384686,3384478,3384499,3384683]}
I (10804) HeartEarring: loop BPM 60.014 (1.000Hz) 3102056,341.34,0;3102135,269.24,0;3102247,223.46,0;3102308,209.80,0;3102355,212.00,0;
I (10807) SampleColl: addSample {"t":[10490,10530,10570,10610,10650],"r":[3102056,3102135,3102247,3102308,3102355],"i":[3384868,3385107,3385364,3385580,3385687]}
I (11007) HeartEarring: loop BPM 60.018 (1.000Hz) 3102404,209.26,0;3102459,191.14,0;3102494,156.94,0;3102369,101.55,0;3101701,-16.94,1;
I (11010) SampleColl: addSample {"t":[10692,10732,10772,10812,10852],"r":[3102404,3102459,3102494,3102369,3101701],"i":[3385820,3385984,3386167,3385878,3384180]}
I (11209) HeartEarring: loop BPM 60.018 (1.000Hz) 3101148,-249.34,0;3101032,-549.69,0;3101078,-779.25,0;3101217,-828.31,0;3101489,-673.98,0;
I (11212) SampleColl: addSample {"t":[10895,10935,10975,11015,11055],"r":[3101148,3101032,3101078,3101217,3101489],"i":[3382743,3382448,3382579,3382962,3383713]}
I (11336) HeartEarring: loop HR 1.000Hz (60.018 BPM) timeOfNextPeakMs 11601 interval 999ms
I (11427) HeartEarring: loop BPM 60.018 (1.000Hz) 3101700,-366.96,0;3101658,-16.60,0;3101661,259.27,0;3101706,407.34,0;3101788,446.08,0;
I (11430) SampleColl: addSample {"t":[11113,11153,11193,11233,11273],"r":[3101700,3101658,3101661,3101706,3101788],"i":[3384272,3384195,3384229,3384345,3384585]}
I (11628) HeartEarring: loop BPM 60.018 (1.000Hz) 3101907,425.14,0;3102005,390.05,0;3102077,361.80,0;3102077,335.86,0;3102101,298.11,0;
I (11631) SampleColl: addSample {"t":[11313,11353,11393,11433,11473],"r":[3101907,3102005,3102077,3102077,3102101],"i":[3384895,3385149,3385347,3385396,3385495]}
I (11832) HeartEarring: loop BPM 60.018 (1.000Hz) 3102138,244.34,0;3102189,182.48,0;3102049,112.18,0;3101414,-9.18,1;3100878,-234.47,0;
I (11835) SampleColl: addSample {"t":[11518,11558,11598,11638,11678],"r":[3102138,3102189,3102049,3101414,3100878],"i":[3385617,3385765,3385450,3383803,3382429]}
I (12051) HeartEarring: loop BPM 60.018 (1.000Hz) 3100741,-524.33,0;3100801,-748.56,0;3100895,-801.61,0;3101165,-661.33,0;3101409,-370.68,0;
I (12054) SampleColl: addSample {"t":[11737,11777,11817,11857,11897],"r":[3100741,3100801,3100895,3101165,3101409],"i":[3382060,3382227,3382557,3383289,3383995]}
I (12271) HeartEarring: loop BPM 60.018 (1.000Hz) 3101362,-29.28,0;3101415,248.15,0;3101518,410.29,0;3101633,473.39,0;3101755,476.17,0;
I (12274) SampleColl: addSample {"t":[11957,11997,12037,12077,12117],"r":[3101362,3101415,3101518,3101633,3101755],"i":[3383881,3384042,3384311,3384617,3384963]}
I (12340) HeartEarring: loop HR 1.000Hz (60.018 BPM) timeOfNextPeakMs 12387 interval 999ms
I (12476) HeartEarring: loop BPM 60.018 (1.000Hz) 3101817,450.22,0;3101858,408.51,0;3101884,353.31,0;3101902,286.10,0;3101953,212.63,0;
I (12479) SampleColl: addSample {"t":[12162,12202,12242,12282,12322],"r":[3101817,3101858,3101884,3101902,3101953],"i":[3385100,3385233,3385332,3385415,3385561]}
I (12696) HeartEarring: loop BPM 60.017 (1.000Hz) 3102015,143.60,0;3101939,79.97,0;3101369,-19.67,1;3100758,-219.40,0;3100610,-500.42,0;
I (12699) SampleColl: addSample {"t":[12382,12422,12462,12502,12542],"r":[3102015,3101939,3101369,3100758,3100610],"i":[3385701,3385555,3384116,3382529,3382128]}
I (12916) HeartEarring: loop BPM 60.017 (1.000Hz) 3100788,-729.71,0;3101077,-772.64,0;3101340,-596.17,0;3101376,-281.33,0;3101330,34.53,0;
I (12919) SampleColl: addSample {"t":[12602,12642,12682,12722,12762],"r":[3100788,3101077,3101340,3101376,3101330],"i":[3382684,3383470,3384213,3384239,3384154]}
I (13117) HeartEarring: loop BPM 60.017 (1.000Hz) 3101342,249.22,0;3101401,342.14,0;3101476,348.82,0;3101578,318.66,0;3101651,287.72,0;
I (13120) SampleColl: addSample {"t":[12802,12842,12882,12922,12962],"r":[3101342,3101401,3101476,3101578,3101651],"i":[3384232,3384391,3384603,3384895,3385085]}
I (13319) HeartEarring: loop BPM 60.017 (1.000Hz) 3101706,267.79,0;3101740,252.73,0;3101779,232.28,0;3101827,201.86,0;3101894,164.73,0;
I (13322) SampleColl: addSample {"t":[13005,13045,13085,13125,13165],"r":[3101706,3101740,3101779,3101827,3101894],"i":[3385242,3385378,3385479,3385618,3385819]}
I (13344) HeartEarring: loop HR 1.000Hz (60.017 BPM) timeOfNextPeakMs 13211 interval 999ms
I (13539) HeartEarring: loop BPM 60.016 (1.000Hz) 3101889,123.63,0;3101436,49.91,0;3100766,-119.72,1;3100568,-387.80,0;3100630,-639.51,0;
I (13542) SampleColl: addSample {"t":[13225,13265,13305,13345,13385],"r":[3101889,3101436,3100766,3100568,3100630],"i":[3385815,3384715,3383050,3382480,3382683]}
I (13758) HeartEarring: loop BPM 60.016 (1.000Hz) 3101038,-728.43,0;3101296,-589.12,0;3101336,-289.23,0;3101285,26.08,0;3101275,244.33,0;
I (13761) SampleColl: addSample {"t":[13444,13484,13524,13564,13604],"r":[3101038,3101296,3101336,3101285,3101275],"i":[3383778,3384463,3384542,3384456,3384507]}
I (13964) HeartEarring: loop BPM 60.016 (1.000Hz) 3101322,336.70,0;3101446,340.30,0;3101536,310.53,0;3101636,283.67,0;3101710,270.54,0;
I (13967) SampleColl: addSample {"t":[13650,13690,13730,13770,13810],"r":[3101322,3101446,3101536,3101636,3101710],"i":[3384645,3384904,3385142,3385428,3385616]}
I (14184) HeartEarring: loop BPM 60.016 (1.000Hz) 3101729,262.39,0;3101756,243.06,0;3101801,206.20,0;3101858,158.30,0;3101854,106.32,0;3101486,30.10,0;
I (14187) SampleColl: addSample {"t":[13870,13910,13950,13990,14030,14070],"r":[3101729,3101756,3101801,3101858,3101854,3101486],"i":[3385653,3385745,3385923,3386104,3386173,3385246]}
I (14347) HeartEarring: loop HR 1.000Hz (60.016 BPM) timeOfNextPeakMs 15053 interval 999ms
I (14402) HeartEarring: loop BPM 60.021 (1.000Hz) 3100784,-129.07,1;3100565,-384.98,0;3100634,-633.13,0;3100805,-738.82,0;3101105,-643.13,0;
I (14405) SampleColl: addSample {"t":[14088,14128,14168,14208,14248],"r":[3100784,3100565,3100634,3100805,3101105],"i":[3383518,3382878,3383108,3383568,3384388]}
I (14606) HeartEarring: loop BPM 60.021 (1.000Hz) 3101327,-377.27,0;3101331,-45.75,0;3101255,224.87,0;3101241,362.01,0;3101292,375.75,0;
I (14609) SampleColl: addSample {"t":[14292,14332,14372,14412,14452],"r":[3101327,3101331,3101255,3101241,3101292],"i":[3384961,3384993,3384820,3384773,3384894]}
I (14808) HeartEarring: loop BPM 60.021 (1.000Hz) 3101394,324.99,0;3101483,268.20,0;3101560,234.73,0;3101629,225.32,0;3101634,223.48,0;
I (14811) SampleColl: addSample {"t":[14494,14534,14574,14614,14654],"r":[3101394,3101483,3101560,3101629,3101634],"i":[3385233,3385461,3385620,3385772,3385836]}
I (15026) HeartEarring: loop BPM 60.022 (1.000Hz) 3101643,208.46,0;3101690,172.98,0;3101735,125.82,0;3101688,73.44,0;3101143,-15.50,1;3100585,-197.37,0;
I (15029) SampleColl: addSample {"t":[14712,14752,14792,14832,14872,14912],"r":[3101643,3101690,3101735,3101688,3101143,3100585],"i":[3385910,3386016,3386156,3386045,3384712,3383332]}
I (15227) HeartEarring: loop BPM 60.022 (1.000Hz) 3100497,-450.72,0;3100610,-652.29,0;3100818,-689.34,0;3101166,-531.46,0;3101299,-232.76,0;
I (15230) SampleColl: addSample {"t":[14913,14953,14993,15033,15073],"r":[3100497,3100610,3100818,3101166,3101299],"i":[3383078,3383392,3384007,3384872,3385191]}
I (15349) HeartEarring: loop HR 1.000Hz (60.022 BPM) timeOfNextPeakMs 15621 interval 999ms
I (15431) HeartEarring: loop BPM 60.022 (1.000Hz) 3101278,87.65,0;3101266,316.70,0;3101281,412.56,0;3101337,400.75,0;3101386,334.54,0;
I (15433) SampleColl: addSample {"t":[15117,15157,15197,15237,15277],"r":[3101278,3101266,3101281,3101337,3101386],"i":[3385112,3385091,3385137,3385246,3385404]}
I (15649) HeartEarring: loop BPM 60.022 (1.000Hz) 3101473,261.88,0;3101538,210.57,0;3101593,184.58,0;3101623,171.41,0;3101663,156.25,0;
I (15652) SampleColl: addSample {"t":[15335,15375,15415,15455,15495],"r":[3101473,3101538,3101593,3101623,3101663],"i":[3385588,3385775,3385940,3385990,3386055]}
I (15868) HeartEarring: loop BPM 60.022 (1.000Hz) 3101698,131.41,0;3101666,93.13,0;3101139,10.21,0;3100454,-177.77,1;3100268,-461.04,0;3100256,-716.90,0;
I (15871) SampleColl: addSample {"t":[15554,15594,15634,15674,15714,15754],"r":[3101698,3101666,3101139,3100454,3100268,3100256],"i":[3386195,3386135,3384850,3383134,3382574,3382604]}
I (16074) HeartEarring: loop BPM 60.022 (1.000Hz) 3100366,-819.06,0;3100590,-720.79,0;3100830,-452.76,0;3100940,-103.47,0;3100919,213.84,0;
I (16077) SampleColl: addSample {"t":[15760,15800,15840,15880,15920],"r":[3100366,3100590,3100830,3100940,3100919],"i":[3382901,3383514,3384142,3384341,3384314]}
I (16293) HeartEarring: loop BPM 60.022 (1.000Hz) 3100960,417.95,0;3101051,498.44,0;3101200,497.72,0;3101343,467.82,0;3101423,437.72,0;
I (16296) SampleColl: addSample {"t":[15979,16019,16059,16099,16139],"r":[3100960,3101051,3101200,3101343,3101423],"i":[3384414,3384689,3385081,3385413,3385639]}
I (16352) HeartEarring: loop HR 1.000Hz (60.022 BPM) timeOfNextPeakMs 16423 interval 999ms
I (16513) HeartEarring: loop BPM 60.022 (1.000Hz) 3101467,406.95,0;3101488,362.97,0;3101518,298.83,0;3101548,218.82,0;3101579,133.60,0;3101344,38.79,0;
I (16516) SampleColl: addSample {"t":[16199,16239,16279,16319,16359,16399],"r":[3101467,3101488,3101518,3101548,3101579,3101344],"i":[3385756,3385849,3385905,3386011,3386033,3385524]}
I (16716) HeartEarring: loop BPM 60.029 (1.000Hz) 3100601,-116.95,1;3100159,-377.22,0;3100085,-673.67,0;3100110,-868.90,0;3100264,-875.31,0;
I (16719) SampleColl: addSample {"t":[16401,16441,16481,16521,16561],"r":[3100601,3100159,3100085,3100110,3100264],"i":[3383735,3382582,3382293,3382485,3382886]}
I (16916) HeartEarring: loop BPM 60.029 (1.000Hz) 3100520,-686.52,0;3100718,-360.90,0;3100703,-5.73,0;3100676,268.34,0;3100759,413.40,0;
I (16919) SampleColl: addSample {"t":[16602,16642,16682,16722,16762],"r":[3100520,3100718,3100703,3100676,3100759],"i":[3383586,3384027,3383907,3383975,3384240]}
I (17135) HeartEarring: loop BPM 60.029 (1.000Hz) 3100835,452.87,0;3100939,435.47,0;3101056,403.26,0;3101183,380.92,0;3101258,370.90,0;
I (17138) SampleColl: addSample {"t":[16821,16861,16901,16941,16981],"r":[3100835,3100939,3101056,3101183,3101258],"i":[3384403,3384671,3384997,3385296,3385452]}
I (17339) HeartEarring: loop BPM 60.029 (1.000Hz) 3101266,356.03,0;3101287,316.67,0;3101286,247.87,0;3101262,156.55,0;3100886,34.45,0;
I (17342) SampleColl: addSample {"t":[17025,17065,17105,17145,17185],"r":[3101266,3101287,3101286,3101262,3100886],"i":[3385508,3385580,3385618,3385635,3384774]}
I (17354) HeartEarring: loop HR 1.000Hz (60.029 BPM) timeOfNextPeakMs 18149 interval 999ms
I (17539) HeartEarring: loop BPM 60.025 (1.000Hz) 3100135,-165.18,1;3099842,-455.00,0;3099826,-735.07,0;3099862,-875.46,0;3100032,-820.14,0;
I (17542) SampleColl: addSample {"t":[17225,17265,17305,17345,17385],"r":[3100135,3099842,3099826,3099862,3100032],"i":[3382960,3382196,3382169,3382258,3382790]}
I (17759) HeartEarring: loop BPM 60.025 (1.000Hz) 3100265,-588.69,0;3100366,-256.38,0;3100363,69.24,0;3100337,299.54,0;3100444,410.54,0;3100534,436.46,0;
I (17762) SampleColl: addSample {"t":[17445,17485,17525,17565,17605,17645],"r":[3100265,3100366,3100363,3100337,3100444,3100534],"i":[3383430,3383729,3383625,3383570,3383863,3384129]}
I (17961) HeartEarring: loop BPM 60.025 (1.000Hz) 3100669,425.33,0;3100752,408.81,0;3100856,396.46,0;3100903,382.51,0;3100889,351.85,0;
I (17964) SampleColl: addSample {"t":[17646,17686,17726,17766,17806],"r":[3100669,3100752,3100856,3100903,3100889],"i":[3384402,3384662,3384958,3385084,3385099]}
I (18163) HeartEarring: loop BPM 60.029 (1.000Hz) 3100912,293.10,0;3100988,215.28,0;3100999,136.16,0;3100783,50.36,0;3100113,-92.02,1;
I (18166) SampleColl: addSample {"t":[17849,17889,17929,17969,18009],"r":[3100912,3100988,3100999,3100783,3100113],"i":[3385186,3385350,3385440,3384919,3383315]}
I (18356) HeartEarring: loop HR 1.000Hz (60.029 BPM) timeOfNextPeakMs 18758 interval 999ms
I (18383) HeartEarring: loop BPM 60.029 (1.000Hz) 3099757,-327.77,0;3099656,-593.86,0;3099722,-768.79,0;3099896,-770.90,0;3100131,-593.01,0;
I (18386) SampleColl: addSample {"t":[18069,18109,18149,18189,18229],"r":[3099757,3099656,3099722,3099896,3100131],"i":[3382424,3382240,3382428,3382844,3383481]}
I (18602) HeartEarring: loop BPM 60.029 (1.000Hz) 3100261,-296.44,0;3100246,14.33,0;3100218,243.32,0;3100282,355.46,0;3100368,377.89,0;3100469,358.64,0;
I (18605) SampleColl: addSample {"t":[18287,18327,18367,18407,18447,18487],"r":[3100261,3100246,3100218,3100282,3100368,3100469],"i":[3383764,3383731,3383747,3383843,3384074,3384318]}
I (18808) HeartEarring: loop BPM 60.029 (1.000Hz) 3100544,332.87,0;3100640,315.05,0;3100692,303.87,0;3100720,287.59,0;3100742,254.38,0;
I (18811) SampleColl: addSample {"t":[18494,18534,18574,18614,18654],"r":[3100544,3100640,3100692,3100720,3100742],"i":[3384555,3384803,3384955,3385014,3385080]}
I (19028) HeartEarring: loop BPM 60.028 (1.000Hz) 3100771,202.32,0;3100825,140.15,0;3100722,72.10,0;3100108,-39.41,1;3099655,-244.45,0;
I (19031) SampleColl: addSample {"t":[18714,18754,18794,18834,18874],"r":[3100771,3100825,3100722,3100108,3099655],"i":[3385219,3385369,3385103,3383664,3382483]}
I (19246) HeartEarring: loop BPM 60.028 (1.000Hz) 3099528,-505.57,0;3099581,-704.48,0;3099750,-743.38,0;3099987,-598.92,0;3100128,-322.37,0;3100133,-15.21,0;
I (19249) SampleColl: addSample {"t":[18932,18972,19012,19052,19092,19132],"r":[3099528,3099581,3099750,3099987,3100128,3100133],"i":[3382181,3382376,3382826,3383424,3383764,3383782]}
I (19359) HeartEarring: loop HR 1.000Hz (60.028 BPM) timeOfNextPeakMs 19583 interval 999ms
I (19449) HeartEarring: loop BPM 60.028 (1.000Hz) 3100085,221.64,0;3100118,341.70,0;3100213,365.38,0;3100331,344.62,0;3100450,322.41,0;
I (19452) SampleColl: addSample {"t":[19135,19175,19215,19255,19295],"r":[3100085,3100118,3100213,3100331,3100450],"i":[3383692,3383793,3384010,3384338,3384585]}
I (19652) HeartEarring: loop BPM 60.028 (1.000Hz) 3100506,313.46,0;3100579,309.49,0;3100630,297.97,0;3100643,269.04,0;3100717,220.92,0;
I (19655) SampleColl: addSample {"t":[19338,19378,19418,19458,19498],"r":[3100506,3100579,3100630,3100643,3100717],"i":[3384805,3384967,3385061,3385137,3385334]}
I (19870) HeartEarring: loop BPM 60.028 (1.000Hz) 3100791,164.89,0;3100803,110.35,0;3100428,34.14,0;3099812,-122.23,1;3099615,-368.20,0;
I (19873) SampleColl: addSample {"t":[19556,19596,19636,19676,19716],"r":[3100791,3100803,3100428,3099812,3099615],"i":[3385543,3385568,3384724,3383193,3382679]}
I (20071) HeartEarring: loop BPM 60.028 (1.000Hz) 3099688,-603.90,0;3099843,-705.65,0;3100124,-620.44,0;3100327,-377.76,0;3100341,-73.56,0;
I (20074) SampleColl: addSample {"t":[19757,19797,19837,19877,19917],"r":[3099688,3099843,3100124,3100327,3100341],"i":[3382848,3383274,3383988,3384495,3384517]}
I (20275) HeartEarring: loop BPM 60.028 (1.000Hz) 3100287,177.16,0;3100295,309.19,0;3100351,331.07,0;3100420,292.04,0;3100502,240.76,0;
I (20277) SampleColl: addSample {"t":[19961,20001,20041,20081,20121],"r":[3100287,3100295,3100351,3100420,3100502],"i":[3384436,3384485,3384615,3384825,3385080]}
I (20361) HeartEarring: loop HR 1.000Hz (60.028 BPM) timeOfNextPeakMs 20425 interval 999ms
I (20494) HeartEarring: loop BPM 60.028 (1.000Hz) 3100662,210.40,0;3100700,209.68,0;3100698,216.78,0;3100784,209.00,0;3100834,184.99,0;
I (20497) SampleColl: addSample {"t":[20180,20220,20260,20300,20340],"r":[3100662,3100700,3100698,3100784,3100834],"i":[3385416,3385596,3385660,3385853,3386011]}
I (20714) HeartEarring: loop BPM 60.032 (1.001Hz) 3100871,149.47,0;3100578,87.02,0;3099940,-53.66,1;3099647,-294.20,0;3099663,-549.72,0;
I (20717) SampleColl: addSample {"t":[20400,20440,20480,20520,20560],"r":[3100871,3100578,3099940,3099647,3099663],"i":[3386078,3385463,3383956,3383220,3383333]}
I (20919) HeartEarring: loop BPM 60.032 (1.001Hz) 3099874,-686.59,0;3100140,-628.53,0;3100370,-394.95,0;3100444,-80.67,0;3100394,194.93,0;
I (20922) SampleColl: addSample {"t":[20604,20644,20684,20724,20764],"r":[3099874,3100140,3100370,3100444,3100394],"i":[3383744,3384471,3385083,3385224,3385085]}
I (21139) HeartEarring: loop BPM 60.032 (1.001Hz) 3100389,351.74,0;3100452,385.48,0;3100525,344.11,0;3100611,281.31,0;3100679,230.60,0;
I (21142) SampleColl: addSample {"t":[20825,20865,20905,20945,20985],"r":[3100389,3100452,3100525,3100611,3100679],"i":[3385182,3385364,3385553,3385738,3385918]}
I (21359) HeartEarring: loop BPM 60.032 (1.001Hz) 3100711,199.25,0;3100738,177.13,0;3100789,153.90,0;3100809,125.38,0;3100796,87.80,0;
I (21362) SampleColl: addSample {"t":[21045,21085,21125,21165,21205],"r":[3100711,3100738,3100789,3100809,3100796],"i":[3385949,3386052,3386164,3386252,3386176]}
I (21366) HeartEarring: loop HR 1.001Hz (60.032 BPM) timeOfNextPeakMs 21229 interval 999ms
I (21560) HeartEarring: loop BPM 60.036 (1.001Hz) 3099729,-20.83,1;3099592,-262.48,0;3099667,-537.69,0;3099878,-679.36,0;
I (21563) SampleColl: addSample {"t":[21245,21285,21325,21365],"r":[3099729,3099592,3099667,3099878],"i":[3383674,3383315,3383561,3384050]}
I (21761) HeartEarring: loop BPM 60.036 (1.001Hz) 3100323,-603.59,0;3100356,-340.76,0;3100299,-26.27,0;3100305,209.21,0;
I (21764) SampleColl: addSample {"t":[21447,21487,21527,21567],"r":[3100323,3100356,3100299,3100305],"i":[3385194,3385288,3385163,3385174]}
I (21981) HeartEarring: loop BPM 60.036 (1.001Hz) 3100447,328.21,0;3100535,361.51,0;3100615,349.39,0;3100676,318.11,0;3100691,279.21,0;
I (21984) SampleColl: addSample {"t":[21667,21707,21747,21787,21827],"r":[3100447,3100535,3100615,3100676,3100691],"i":[3385506,3385753,3385915,3386087,3386157]}
I (22200) HeartEarring: loop BPM 60.036 (1.001Hz) 3100715,233.64,0;3100760,183.71,0;3100827,136.94,0;3100652,86.66,0;3099984,-20.61,1;
I (22203) SampleColl: addSample {"t":[21885,21925,21965,22005,22045],"r":[3100715,3100760,3100827,3100652,3099984],"i":[3386210,3386348,3386507,3386171,3384630]}
I (22369) HeartEarring: loop HR 1.001Hz (60.036 BPM) timeOfNextPeakMs 22794 interval 999ms
I (22406) HeartEarring: loop BPM 60.036 (1.001Hz) 3099506,-238.65,0;3099458,-514.23,0;3099544,-709.52,0;3099718,-725.88,0;3099992,-552.38,0;3100168,-249.03,0;
I (22409) SampleColl: addSample {"t":[22092,22132,22172,22212,22252,22292],"r":[3099506,3099458,3099544,3099718,3099992,3100168],"i":[3383470,3383311,3383533,3383970,3384649,3385028]}
I (22626) HeartEarring: loop BPM 60.036 (1.001Hz) 3100170,76.32,0;3100117,316.13,0;3100134,422.22,0;3100198,418.24,0;3100301,362.45,0;
I (22629) SampleColl: addSample {"t":[22312,22352,22392,22432,22472],"r":[3100170,3100117,3100134,3100198,3100301],"i":[3385050,3384964,3385004,3385200,3385449]}
I (22844) HeartEarring: loop BPM 60.036 (1.001Hz) 3100404,306.42,0;3100449,271.77,0;3100514,253.21,0;3100546,237.06,0;3100565,210.66,0;
I (22847) SampleColl: addSample {"t":[22530,22570,22610,22650,22690],"r":[3100404,3100449,3100514,3100546,3100565],"i":[3385664,3385783,3385928,3386051,3386147]}
I (23047) HeartEarring: loop BPM 60.040 (1.001Hz) 3100663,172.12,0;3100375,111.72,0;3099678,-26.46,1;3099398,-273.13,0;
I (23050) SampleColl: addSample {"t":[22733,22773,22813,22853],"r":[3100663,3100375,3099678,3099398],"i":[3386402,3385738,3384124,3383410]}
I (23248) HeartEarring: loop BPM 60.040 (1.001Hz) 3099514,-534.71,0;3099717,-665.71,0;3099979,-596.74,0;3100044,-368.12,0;3100057,-90.21,0;
I (23251) SampleColl: addSample {"t":[22934,22974,23014,23054,23094],"r":[3099514,3099717,3099979,3100044,3100057],"i":[3383759,3384245,3384888,3385098,3385014]}
I (23371) HeartEarring: loop HR 1.001Hz (60.040 BPM) timeOfNextPeakMs 23562 interval 999ms
I (23467) HeartEarring: loop BPM 60.040 (1.001Hz) 3100010,131.30,0;3100035,248.23,0;3100139,276.63,0;3100227,263.67,0;3100311,245.89,0;
I (23470) SampleColl: addSample {"t":[23153,23193,23233,23273,23313],"r":[3100010,3100035,3100139,3100227,3100311],"i":[3384922,3385018,3385246,3385419,3385670]}
I (23668) HeartEarring: loop BPM 60.040 (1.001Hz) 3100379,237.03,0;3100465,236.19,0;3100486,234.13,0;3100518,218.33,0;3100601,186.81,0;
I (23671) SampleColl: addSample {"t":[23353,23393,23433,23473,23513],"r":[3100379,3100465,3100486,3100518,3100601],"i":[3385895,3386065,3386135,3386211,3386389]}
I (23872) HeartEarring: loop BPM 60.038 (1.001Hz) 3100565,143.74,0;3100071,59.80,0;3099487,-121.57,1;3099323,-387.68,0;3099415,-621.08,0;
I (23875) SampleColl: addSample {"t":[23558,23598,23638,23678,23718],"r":[3100565,3100071,3099487,3099323,3099415],"i":[3386341,3385239,3383802,3383474,3383720]}
I (24090) HeartEarring: loop BPM 60.038 (1.001Hz) 3099560,-701.76,0;3099818,-591.73,0;3100041,-331.33,0;3100067,-16.87,0;3100000,237.98,0;3099999,366.76,0;
I (24093) SampleColl: addSample {"t":[23776,23816,23856,23896,23936,23976],"r":[3099560,3099818,3100041,3100067,3100000,3099999],"i":[3384069,3384722,3385245,3385302,3385220,3385233]}
I (24310) HeartEarring: loop BPM 60.038 (1.001Hz) 3100033,377.98,0;3100117,324.55,0;3100208,261.80,0;3100289,221.69,0;3100342,207.27,0;
I (24313) SampleColl: addSample {"t":[23996,24036,24076,24116,24156],"r":[3100033,3100117,3100208,3100289,3100342],"i":[3385341,3385559,3385743,3385992,3386110]}
I (24373) HeartEarring: loop HR 1.001Hz (60.038 BPM) timeOfNextPeakMs 24387 interval 999ms
I (24515) HeartEarring: loop BPM 60.038 (1.001Hz) 3100364,202.73,0;3100405,190.68,0;3100461,165.51,0;3100452,128.11,0;3100267,67.73,0;
I (24518) SampleColl: addSample {"t":[24201,24241,24281,24321,24361],"r":[3100364,3100405,3100461,3100452,3100267],"i":[3386154,3386301,3386389,3386446,3386029]}
I (24735) HeartEarring: loop BPM 60.043 (1.001Hz) 3099648,-56.77,1;3099284,-275.22,0;3099281,-522.67,0;3099422,-672.11,0;3099666,-641.93,0;3099922,-436.06,0;
I (24738) SampleColl: addSample {"t":[24421,24461,24501,24541,24581,24621],"r":[3099648,3099284,3099281,3099422,3099666,3099922],"i":[3384648,3383760,3383757,3384068,3384673,3385232]}
I (24955) HeartEarring: loop BPM 60.043 (1.001Hz) 3099980,-134.28,0;3099958,147.05,0;3099917,321.55,0;3099938,371.78,0;3100008,337.22,0;
I (24958) SampleColl: addSample {"t":[24641,24681,24721,24761,24801],"r":[3099980,3099958,3099917,3099938,3100008],"i":[3385414,3385330,3385253,3385338,3385473]}
I (25156) HeartEarring: loop BPM 60.043 (1.001Hz) 3100080,274.52,0;3100200,225.83,0;3100268,207.48,0;3100302,208.53,0;3100318,205.96,0;
I (25159) SampleColl: addSample {"t":[24841,24881,24921,24961,25001],"r":[3100080,3100200,3100268,3100302,3100318],"i":[3385665,3385924,3386075,3386152,3386204]}
I (25358) HeartEarring: loop BPM 60.048 (1.001Hz) 3100364,185.78,0;3100416,149.84,0;3100282,97.07,0;3099700,-10.49,1;3099227,-216.90,0;
I (25361) SampleColl: addSample {"t":[25044,25084,25124,25164,25204],"r":[3100364,3100416,3100282,3099700,3099227],"i":[3386317,3386430,3386182,3384828,3383671]}
I (25375) HeartEarring: loop HR 1.001Hz (60.048 BPM) timeOfNextPeakMs 25913 interval 999ms
I (25578) HeartEarring: loop BPM 60.048 (1.001Hz) 3099148,-478.75,0;3099227,-672.15,0;3099384,-700.73,0;3099586,-551.71,0;3099771,-280.18,0;3099800,20.53,0;
I (25581) SampleColl: addSample {"t":[25264,25304,25344,25384,25424,25464],"r":[3099148,3099227,3099384,3099586,3099771,3099800],"i":[3383495,3383671,3384019,3384564,3384988,3385054]}
I (25797) HeartEarring: loop BPM 60.048 (1.001Hz) 3099766,255.27,0;3099775,373.79,0;3099834,388.68,0;3099969,350.89,0;3100048,309.16,0;
I (25800) SampleColl: addSample {"t":[25483,25523,25563,25603,25643],"r":[3099766,3099775,3099834,3099969,3100048],"i":[3384970,3384983,3385144,3385411,3385574]}
I (26003) HeartEarring: loop BPM 60.048 (1.001Hz) 3100112,282.49,0;3100138,264.54,0;3100120,239.01,0;3100131,194.30,0;3100170,135.04,0;
I (26006) SampleColl: addSample {"t":[25689,25729,25769,25809,25849],"r":[3100112,3100138,3100120,3100131,3100170],"i":[3385730,3385842,3385839,3385867,3385950]}
I (26223) HeartEarring: loop BPM 60.047 (1.001Hz) 3100153,72.47,0;3099820,-6.59,1;3099141,-154.94,0;3098840,-393.79,0;3098791,-639.91,0;3098816,-774.10,0;
I (26226) SampleColl: addSample {"t":[25909,25949,25989,26029,26069,26109],"r":[3100153,3099820,3099141,3098840,3098791,3098816],"i":[3385901,3385115,3383530,3382826,3382724,3382865]}
I (26378) HeartEarring: loop HR 1.001Hz (60.047 BPM) timeOfNextPeakMs 26698 interval 999ms
I (26441) HeartEarring: loop BPM 60.047 (1.001Hz) 3098952,-736.69,0;3099132,-538.87,0;3099259,-243.69,0;3099250,56.47,0;3099254,280.07,0;
I (26443) SampleColl: addSample {"t":[26127,26167,26207,26247,26287],"r":[3098952,3099132,3099259,3099250,3099254],"i":[3383229,3383718,3383993,3384013,3383990]}
I (26644) HeartEarring: loop BPM 60.047 (1.001Hz) 3099290,396.49,0;3099406,428.32,0;3099536,421.37,0;3099655,411.05,0;3099733,406.78,0;
I (26647) SampleColl: addSample {"t":[26329,26369,26409,26449,26489],"r":[3099290,3099406,3099536,3099655,3099733],"i":[3384109,3384388,3384716,3384979,3385199]}
I (26846) HeartEarring: loop BPM 60.047 (1.001Hz) 3099779,398.05,0;3099804,369.75,0;3099873,317.49,0;3099933,250.65,0;3099901,176.13,0;
I (26849) SampleColl: addSample {"t":[26532,26572,26612,26652,26692],"r":[3099779,3099804,3099873,3099933,3099901],"i":[3385293,3385342,3385520,3385685,3385668]}
I (27064) HeartEarring: loop BPM 60.046 (1.001Hz) 3099500,70.66,0;3098912,-116.02,1;3098738,-380.50,0;3098801,-619.59,0;3098875,-721.45,0;3099080,-648.98,0;
I (27067) SampleColl: addSample {"t":[26750,26790,26830,26870,26910,26950],"r":[3099500,3098912,3098738,3098801,3098875,3099080],"i":[3384734,3383327,3382920,3383001,3383255,3383742]}
I (27265) HeartEarring: loop BPM 60.046 (1.001Hz) 3099279,-432.23,0;3099343,-148.46,0;3099301,104.04,0;3099290,257.08,0;3099348,305.46,0;
I (27268) SampleColl: addSample {"t":[26951,26991,27031,27071,27111],"r":[3099279,3099343,3099301,3099290,3099348],"i":[3384237,3384379,3384301,3384303,3384423]}
I (27381) HeartEarring: loop HR 1.001Hz (60.046 BPM) timeOfNextPeakMs 27539 interval 999ms
I (27469) HeartEarring: loop BPM 60.046 (1.001Hz) 3099456,291.49,0;3099595,265.99,0;3099690,258.03,0;3099750,265.80,0;3099768,269.49,0;
I (27472) SampleColl: addSample {"t":[27155,27195,27235,27275,27315],"r":[3099456,3099595,3099690,3099750,3099768],"i":[3384730,3385022,3385217,3385409,3385483]}
I (27687) HeartEarring: loop BPM 60.046 (1.001Hz) 3099795,251.53,0;3099846,209.88,0;3099919,156.87,0;3099879,101.09,0;3099492,18.61,0;
I (27690) SampleColl: addSample {"t":[27373,27413,27453,27493,27533],"r":[3099795,3099846,3099919,3099879,3099492],"i":[3385540,3385686,3385881,3385863,3384946]}
I (27907) HeartEarring: loop BPM 60.050 (1.001Hz) 3098903,-143.07,1;3098774,-381.40,0;3098813,-595.30,0;3098939,-676.36,0;3099157,-586.90,0;3099371,-357.21,0;
I (27910) SampleColl: addSample {"t":[27593,27633,27673,27713,27753,27793],"r":[3098903,3098774,3098813,3098939,3099157,3099371],"i":[3383582,3383206,3383320,3383650,3384223,3384705]}
I (28112) HeartEarring: loop BPM 60.050 (1.001Hz) 3099416,-68.94,0;3099394,177.94,0;3099399,319.91,0;3099454,356.47,0;3099510,327.24,0;
I (28115) SampleColl: addSample {"t":[27798,27838,27878,27918,27958],"r":[3099416,3099394,3099399,3099454,3099510],"i":[3384814,3384758,3384788,3384927,3385132]}
I (28332) HeartEarring: loop BPM 60.050 (1.001Hz) 3099583,276.27,0;3099665,233.59,0;3099723,209.76,0;3099754,197.30,0;3099743,179.81,0;
I (28335) SampleColl: addSample {"t":[28018,28058,28098,28138,28178],"r":[3099583,3099665,3099723,3099754,3099743],"i":[3385312,3385522,3385661,3385724,3385763]}
I (28383) HeartEarring: loop HR 1.001Hz (60.050 BPM) timeOfNextPeakMs 28342 interval 999ms
I (28552) HeartEarring: loop BPM 60.055 (1.001Hz) 3099779,146.85,0;3099793,101.38,0;3099751,48.05,0;3099339,-33.71,1;3098807,-188.26,0;3098690,-406.28,0;
I (28555) SampleColl: addSample {"t":[28238,28278,28318,28358,28398,28438],"r":[3099779,3099793,3099751,3099339,3098807,3098690],"i":[3385854,3385881,3385772,3384846,3383537,3383237]}
I (28753) HeartEarring: loop BPM 60.055 (1.001Hz) 3098753,-589.35,0;3098888,-638.40,0;3099110,-524.32,0;3099297,-284.10,0;3099324,-2.05,0;
I (28756) SampleColl: addSample {"t":[28439,28479,28519,28559,28599],"r":[3098753,3098888,3099110,3099297,3099324],"i":[3383424,3383784,3384330,3384774,3384835]}
I (28955) HeartEarring: loop BPM 60.055 (1.001Hz) 3099278,225.43,0;3099283,343.19,0;3099364,361.45,0;3099460,328.62,0;3099552,289.18,0;
I (28958) SampleColl: addSample {"t":[28641,28681,28721,28761,28801],"r":[3099278,3099283,3099364,3099460,3099552],"i":[3384764,3384805,3384936,3385180,3385399]}
I (29175) HeartEarring: loop BPM 60.055 (1.001Hz) 3099612,262.84,0;3099678,248.07,0;3099698,233.56,0;3099720,207.09,0;3099740,164.04,0;
I (29178) SampleColl: addSample {"t":[28861,28901,28941,28981,29021],"r":[3099612,3099678,3099698,3099720,3099740],"i":[3385546,3385662,3385750,3385835,3385982]}
I (29385) HeartEarring: loop HR 1.001Hz (60.055 BPM) timeOfNextPeakMs 29107 interval 999ms
I (29395) HeartEarring: loop BPM 60.055 (1.001Hz) 3099847,113.96,0;3099733,62.72,0;3099180,-28.93,1;3098692,-215.32,0;3098622,-463.67,0;3098643,-657.03,0;
I (29398) SampleColl: addSample {"t":[29081,29121,29161,29201,29241,29281],"r":[3099847,3099733,3099180,3098692,3098622,3098643],"i":[3386167,3385945,3384608,3383489,3383239,3383367]}
I (29601) HeartEarring: loop BPM 60.055 (1.001Hz) 3098767,-702.09,0;3098956,-579.90,0;3099151,-331.75,0;3099231,-37.75,0;3099210,211.59,0;
I (29604) SampleColl: addSample {"t":[29287,29327,29367,29407,29447],"r":[3098767,3098956,3099151,3099231,3099210],"i":[3383641,3384152,3384613,3384752,3384716]}
I (29821) HeartEarring: loop BPM 60.055 (1.001Hz) 3099255,359.02,0;3099341,406.81,0;3099442,394.18,0;3099552,361.56,0;3099642,332.56,0;
I (29824) SampleColl: addSample {"t":[29507,29547,29587,29627,29667],"r":[3099255,3099341,3099442,3099552,3099642],"i":[3384814,3385051,3385282,3385530,3385751]}
I (30039) HeartEarring: loop BPM 60.055 (1.001Hz) 3099651,307.40,0;3099708,274.51,0;3099748,229.83,0;3099794,176.85,0;3099879,123.21,0;3099766,67.95,0;
I (30042) SampleColl: addSample {"t":[29725,29765,29805,29845,29885,29925],"r":[3099651,3099708,3099748,3099794,3099879,3099766],"i":[3385859,3385964,3386070,3386237,3386394,3386156]}
I (30242) HeartEarring: loop BPM 60.060 (1.001Hz) 3099191,-32.30,1;3098732,-229.81,0;3098672,-485.59,0;3098771,-675.94,0;3098928,-704.33,0;
I (30245) SampleColl: addSample {"t":[29927,29967,30007,30047,30087],"r":[3099191,3098732,3098672,3098771,3098928],"i":[3384825,3383721,3383591,3383764,3384185]}
I (30387) HeartEarring: loop HR 1.001Hz (60.060 BPM) timeOfNextPeakMs 30676 interval 999ms
I (30444) HeartEarring: loop BPM 60.060 (1.001Hz) 3099204,-554.79,0;3099352,-280.15,0;3099357,18.49,0;3099340,242.11,0;3099390,349.78,0;
I (30447) SampleColl: addSample {"t":[30130,30170,30210,30250,30290],"r":[3099204,3099352,3099357,3099340,3099390],"i":[3384879,3385215,3385248,3385210,3385306]}
I (30662) HeartEarring: loop BPM 60.060 (1.001Hz) 3099454,362.23,0;3099513,324.12,0;3099600,274.53,0;3099688,237.76,0;3099738,218.54,0;
I (30665) SampleColl: addSample {"t":[30348,30388,30428,30468,30508],"r":[3099454,3099513,3099600,3099688,3099738],"i":[3385444,3385629,3385824,3386019,3386131]}
I (30863) HeartEarring: loop BPM 60.060 (1.001Hz) 3099751,204.24,0;3099822,182.34,0;3099878,152.60,0;3099944,119.83,0;3099681,69.55,0;
I (30866) SampleColl: addSample {"t":[30548,30588,30628,30668,30708],"r":[3099751,3099822,3099878,3099944,3099681],"i":[3386173,3386287,3386439,3386495,3386032]}
I (31067) HeartEarring: loop BPM 60.059 (1.001Hz) 3099105,-50.06,1;3098779,-267.34,0;3098766,-511.87,0;3098908,-660.27,0;3099105,-636.26,0;
I (31070) SampleColl: addSample {"t":[30753,30793,30833,30873,30913],"r":[3099105,3098779,3098766,3098908,3099105],"i":[3384710,3383950,3383933,3384243,3384731]}
I (31285) HeartEarring: loop BPM 60.059 (1.001Hz) 3099415,-442.22,0;3099418,-151.67,0;3099405,119.59,0;3099414,289.44,0;3099475,348.71,0;
I (31288) SampleColl: addSample {"t":[30971,31011,31051,31091,31131],"r":[3099415,3099418,3099405,3099414,3099475],"i":[3385427,3385437,3385436,3385465,3385618]}
I (31390) HeartEarring: loop HR 1.001Hz (60.059 BPM) timeOfNextPeakMs 31502 interval 999ms
I (31505) HeartEarring: loop BPM 60.059 (1.001Hz) 3099590,336.63,0;3099682,301.76,0;3099793,274.21,0;3099818,258.74,0;3099875,243.51,0;
I (31508) SampleColl: addSample {"t":[31191,31231,31271,31311,31351],"r":[3099590,3099682,3099793,3099818,3099875],"i":[3385855,3386082,3386322,3386436,3386561]}
I (31710) HeartEarring: loop BPM 60.062 (1.001Hz) 3099944,220.11,0;3099997,188.60,0;3099951,144.77,0;3099465,55.34,0;3098921,-130.84,1;
I (31713) SampleColl: addSample {"t":[31396,31436,31476,31516,31556],"r":[3099944,3099997,3099951,3099465,3098921],"i":[3386728,3386861,3386773,3385746,3384437]}
I (31930) HeartEarring: loop BPM 60.062 (1.001Hz) 3098879,-389.21,0;3099042,-594.02,0;3099302,-630.34,0;3099441,-483.43,0;3099434,-235.42,0;
I (31933) SampleColl: addSample {"t":[31616,31656,31696,31736,31776],"r":[3098879,3099042,3099302,3099441,3099434],"i":[3384354,3384784,3385377,3385717,3385705]}
I (32150) HeartEarring: loop BPM 60.062 (1.001Hz) 3099372,-0.99,0;3099365,146.69,0;3099458,204.60,0;3099539,212.51,0;3099605,207.25,0;
I (32153) SampleColl: addSample {"t":[31836,31876,31916,31956,31996],"r":[3099372,3099365,3099458,3099539,3099605],"i":[3385573,3385581,3385766,3385990,3386112]}
I (32351) HeartEarring: loop BPM 60.062 (1.001Hz) 3099657,204.70,0;3099681,204.30,0;3099732,199.73,0;3099750,186.85,0;
I (32353) SampleColl: addSample {"t":[32037,32077,32117,32157],"r":[3099657,3099681,3099732,3099750],"i":[3386292,3386345,3386548,3386658]}
I (32393) HeartEarring: loop HR 1.001Hz (60.062 BPM) timeOfNextPeakMs 32304 interval 998ms
I (32552) HeartEarring: loop BPM 60.071 (1.001Hz) 3099338,138.71,0;3098762,-1.91,1;3098504,-241.34,0;3098542,-482.60,0;
I (32555) SampleColl: addSample {"t":[32238,32278,32318,32358],"r":[3099338,3098762,3098504,3098542],"i":[3385833,3384489,3383948,3384077]}
I (32772) HeartEarring: loop BPM 60.071 (1.001Hz) 3098941,-587.07,0;3099118,-484.23,0;3099159,-233.28,0;3099141,38.61,0;3099180,236.77,0;
I (32775) SampleColl: addSample {"t":[32458,32498,32538,32578,32618],"r":[3098941,3099118,3099159,3099141,3099180],"i":[3384939,3385347,3385417,3385351,3385395]}
I (32991) HeartEarring: loop BPM 60.071 (1.001Hz) 3099268,336.12,0;3099398,362.80,0;3099540,357.50,0;3099668,348.98,0;3099742,343.18,0;
I (32994) SampleColl: addSample {"t":[32676,32716,32756,32796,32836],"r":[3099268,3099398,3099540,3099668,3099742],"i":[3385559,3385729,3386055,3386345,3386486]}
I (33197) HeartEarring: loop BPM 60.068 (1.001Hz) 3099822,330.78,0;3099932,305.61,0;3099990,267.92,0;3100002,214.53,0;3099657,122.17,0;3099014,-60.24,1;
I (33200) SampleColl: addSample {"t":[32883,32923,32963,33003,33043,33083],"r":[3099822,3099932,3099990,3100002,3099657,3099014],"i":[3386631,3386797,3386919,3386935,3386080,3384574]}
