I (434595) HeartEarring: loop BPM 64.194 (1.070Hz) 41140,5491,10137,0.29,0;41180,5490,10137,-0.75,0;41220,5487,10138,-0.28,0;41260,5486,10139,0.47,0;41300,5491,10142,1.23,0;
I (434780) HeartEarring: loop HR 1.070Hz (64.194 BPM) timeOfNextPeakMs 41951 interval 934ms
I (434813) HeartEarring: loop BPM 64.194 (1.070Hz) 41358,5478,10132,1.59,0;41398,5481,10125,0.68,0;41438,5481,10106,-0.74,0;41478,5478,10104,-1.64,1;41518,5487,10095,-1.50,0;
I (435013) HeartEarring: loop BPM 64.194 (1.070Hz) 41558,5499,10082,0.89,0;41598,5486,10075,4.65,0;41638,5489,10084,6.81,0;41678,5484,10070,6.35,0;
I (435217) HeartEarring: loop BPM 64.194 (1.070Hz) 41762,5465,10090,2.95,0;41802,5473,10096,-2.75,1;41842,5487,10095,-6.58,0;41882,5470,10097,-6.57,0;
I (435435) HeartEarring: loop BPM 64.194 (1.070Hz) 41980,5480,10099,-4.84,0;42020,5486,10108,-1.97,0;42060,5480,10113,1.58,0;42100,5481,10114,3.91,0;42140,5493,10114,5.15,0;
I (435655) HeartEarring: loop BPM 64.194 (1.070Hz) 42200,5501,10106,7.03,0;42240,5504,10100,9.75,0;42280,5507,10093,11.99,0;42320,5499,10095,12.11,0;42360,5498,10082,9.15,0;
I (435782) HeartEarring: loop HR 1.070Hz (64.194 BPM) timeOfNextPeakMs 42885 interval 934ms
I (435859) HeartEarring: loop BPM 64.194 (1.070Hz) 42404,5493,10096,3.86,0;42444,5500,10092,-1.62,1;42484,5501,10105,-5.10,0;42524,5498,10105,-6.26,0;42564,5502,10096,-6.08,0;
I (436080) HeartEarring: loop BPM 64.194 (1.070Hz) 42625,5498,10100,-5.32,0;42665,5501,10087,-4.63,0;42705,5476,10085,-5.50,0;42745,5494I (440688) HeartEarring: loop BPM 64.194 (1.070Hz) 47233,3365540,3385439,-1462.69,1;47273,3365520,3385471,-6963.48,0;47313,3365434,3385401,-11138.53,0;47353,3365315,3385232,-14062.15,0;47393,3365228,3385106,-15860.99,0;
I (440796) HeartEarring: loop HR 1.070Hz (64.194 BPM) timeOfNextPeakMs 47555 interval 934ms
I (440907) HeartEarring: loop BPM 64.194 (1.070Hz) 47452,3365164,3385025,-16677.01,0;47492,3365029,3384897,-16660.83,0;47532,3365001,3384831,-15965.51,0;47572,3365017,3384869,-14730.08,0;47612,3365023,3384929,-13087.13,0;
I (441109) HeartEarring: loop BPM 64.194 (1.070Hz) 47653,3365005,3384981,-11176.06,0;47693,3364944,3384820,-9136.31,0;47733,3364889,3384720,-7091.48,0;47773,3364830,3384697,-5136.06,0;47813,3364893,3384767,-3328.26,0;
I (441313) HeartEarring: loop BPM 64.194 (1.070Hz) 47858,3364799,3384757,-1705.48,0;47898,3364865,3384876,-298.56,0;47938,3364825,3384861,875.85,0;47978,3364773,3384823,1805.81,0;48018,3364717,3384785,2485.13,0;
I (441532) HeartEarring: loop BPM 64.194 (1.070Hz) 48077,3364620,3384746,2923.58,0;48117,3364636,3384840,3149.03,0;48157,3364577,3384832,3202.42,0;48197,3364607,3384933,3122.27,0;48237,3364538,3384838,2938.55,0;
I (441753) HeartEarring: loop BPM 64.194 (1.070Hz) 48298,3364544,3384826,2673.19,0;48338,3364540,3384828,2349.47,0;48378,3364483,3384818,1988.55,0;48418,3364459,3384804,1605.29,0;48458,3364421,3384700,1217.50,0;
I (441801) HeartEarring: loop HR 1.070Hz (64.194 BPM) timeOfNextPeakMs 48489 interval 934ms
I (441959) HeartEarring: loop BPM 64.194 (1.070Hz) 48503,3364341,3384506,841.22,0;48543,3364280,3384380,487.74,0;48583,3364216,3384330,169.43,0;48623,3364227,3384413,-98.07,1;48663,3364210,3384444,-301.39,0;48703,3364210,3384467,-439.34,0;
I (442179) HeartEarring: loop BPM 64.194 (1.070Hz) 48724,3364233,3384640,-519.38,0;48764,3364254,3384702,-550.92,0;48804,3364237,3384652,-547.94,0;48844,3364181,3384649,-528.97,0;48884,3364132,3384566,-508.47,0;
I (442399) HeartEarring: loop BPM 64.194 (1.070Hz) 48944,3364098,3384503,-488.34,0;48984,3364120,3384546,-458.57,0;49024,3364090,3384508,-409.63,0;49064,3364099,3384485,-342.50,0;49104,3364077,3384524,-264.42,0;
I (442600) HeartEarring: loop BPM 64.194 (1.070Hz) 49144,3364010,3384453,-188.06,0;49184,3363949,3384399,-127.34,0;49224,3363917,3384341,-85.03,0;49264,3363809,3384132,-57.64,0;
I (442802) HeartEarring: loop BPM 64.194 (1.070Hz) 49347,3363721,3383953,-44.77,0;49387,3363741,3384004,-36.86,0;49427,3363715,3384080,-17.02,0;49467,3363696,3384091,18.08,0;49507,3363700,3384167,61.10,0;
I (442805) HeartEarring: loop HR 1.070Hz (64.194 BPM) timeOfNextPeakMs 50357 interval 934ms
I (443022) HeartEarring: loop BPM 64.194 (1.070Hz) 49567,3363666,3384129,102.91,0;49607,3363697,3384178,136.37,0;49647,3363716,3384263,161.86,0;49687,3363675,3384291,177.58,0;49727,3363680,3384311,178.06,0;
I (443241) HeartEarring: loop BPM 64.194 (1.070Hz) 49785,3363663,3384331,164.68,0;49825,3363695,3384380,144.77,0;49865,3363652,3384355,123.45,0;49905,3363648,3384365,99.74,0;49945,3363616,3384379,72.85,0;
I (443447) HeartEarring: loop BPM 64.194 (1.070Hz) 49992,3363569,3384359,42.56,0;50032,3363562,3384285,10.45,0;50072,3363445,3384020,-22.68,1;50112,3363349,3383847,-62.57,0;50152,3363316,3383797,-106.05,0;
I (443667) HeartEarring: loop BPM 64.194 (1.070Hz) 50212,3363303,3383778,-136.58,0;50252,3363269,3383824,-143.09,0;50292,3363267,3383876,-126.73,0;50332,3363270,3383926,-93.27,0;50372,3363246,3383883,-51.85,0;
I (443808) HeartEarring: loop HR 1.070Hz (64.194 BPM) timeOfNextPeakMs 51291 interval 934ms
I (443885) HeartEarring: loop BPM 64.194 (1.070Hz) 50430,3363233,3383861,-13.72,0;50470,3363194,3383800,13.24,0;50510,3363179,3383767,26.80,0;50550,3363161,3383785,30.87,0;50590,3363170,3383827,32.64,0;50630,3363131,3383748,35.82,0;
I (444089) HeartEarring: loop BPM 64.194 (1.070Hz) 50633,3363068,3383699,35.59,0;50673,3363049,3383665,27.66,0;50713,3363043,3383560,17.50,0;50753,3363064,3383579,14.30,0;50793,3363056,3383545,21.74,0;
I (444291) HeartEarring: loop BPM 64.194 (1.070Hz) 50836,3362980,3383400,31.04,0;50876,3362873,3383167,25.45,0;50916,3362818,3383044,-1.32,1;50956,3362832,3383034,-34.29,0;50996,3362881,3383142,-49.04,0;
I (444509) HeartEarring: loop BPM 64.194 (1.070Hz) 51054,3362868,3383201,-35.46,0;51094,3362867,3383244,-4.51,0;51134,3362902,3383280,30.25,0;51174,3362915,3383241,62.04,0;51214,3362954,3383256,87.03,0;
I (444711) HeartEarring: loop BPM 64.194 (1.070Hz) 51255,3362976,3383364,103.95,0;51295,3362948,3383368,109.46,0;51335,3363001,3383429,102.46,0;51375,3363016,3383514,90.43,0;51415,3363015,3383500,77.52,0;
I (444810) HeartEarring: loop HR 1.070Hz (64.194 BPM) timeOfNextPeakMs 52225 interval 934ms
I (444913) HeartEarring: loop BPM 64.194 (1.070Hz) 51458,3363051,3383569,63.85,0;51498,3363069,3383555,52.03,0;51538,3363104,3383681,43.59,0;51578,3363094,3383681,36.25,0;51618,3363025,3383600,21.08,0;
I (445131) HeartEarring: loop BPM 64.194 (1.070Hz) 51676,3362978,3383451,-10.22,1;51716,3362854,3383223,-58.28,0;51756,3362835,3383205,-114.62,0;51796,3362813,3383206,-159.63,0;51836,3362883,3383308,-172.85,0;51876,3362879,3383367,-147.80,0;
I (445333) HeartEarring: loop BPM 64.194 (1.070Hz) 51877,3362940,3383492,-95.14,0;51917,3362955,3383516,-31.69,0;51957,3362876,3383486,20.34,0;51997,3362853,3383486,41.54,0;52037,3362879,3383550,36.68,0;
I (445537) HeartEarring: loop BPM 64.194 (1.070Hz) 52082,3362888,3383613,25.33,0;52122,3362862,3383623,18.02,0;52162,3362924,3383711,18.25,0;52202,3362927,3383743,29.10,0;52242,3362962,3383836,46.92,0;
I (445755) HeartEarring: loop BPM 64.194 (1.070Hz) 52300,3362909,3383847,60.92,0;52340,3362902,3383863,60.41,0;52380,3362951,3383941,48.63,0;52420,3362890,3383894,34.13,0;52460,3362827,3383734,12.90,0;
I (445812) HeartEarring: loop HR 1.070Hz (64.194 BPM) timeOfNextPeakMs 53159 interval 934ms
I (445975) HeartEarring: loop BPM 64.194 (1.070Hz) 52520,3362715,3383479,-22.33,1;52560,3362697,3383439,-67.22,0;52600,3362727,3383507,-101.76,0;52640,3362713,3383578,-108.91,0;52680,3362754,3383691,-88.57,0;52720,3362768,3383751,-49.01,0;
I (446181) HeartEarring: loop BPM 64.194 (1.070Hz) 52725,3362822,3383829,-0.83,0;52765,3362810,3383840,44.06,0;52805,3362825,3383869,74.32,0;52845,3362786,3383871,83.64,0;52885,3362801,3383884,73.84,0;
I (446402) HeartEarring: loop BPM 64.194 (1.070Hz) 52947,3362838,3383966,56.88,0;52987,3362812,3383959,43.15,0;53027,3362835,3384049,33.31,0;53067,3362839,3384050,27.25,0;53107,3362831,3384074,23.46,0;
I (446622) HeartEarring: loop BPM 64.194 (1.070Hz) 53167,3362826,3384112,18.06,0;53207,3362796,3384098,8.26,0;53247,3362792,3384084,-6.19,1;53287,3362674,3383859,-27.51,0;53327,3362605,3383674,-60.96,0;53367,3362555,3383616,-101.11,0;
I (446814) HeartEarring: loop HR 1.070Hz (64.194 BPM) timeOfNextPeakMs 54093 interval 934ms
I (446824) HeartEarring: loop BPM 64.194 (1.070Hz) 53369,3362576,3383645,-130.02,0;53409,3362566,3383691,-132.82,0;53449,3362576,3383770,-109.06,0;53489,3362591,3383829,-67.84,0;53529,3362552,3383806,-22.99,0;
I (447026) HeartEarring: loop BPM 64.194 (1.070Hz) 53571,3362569,3383786,12.63,0;53611,3362580,3383818,37.14,0;53651,3362561,3383836,52.59,0;53691,3362575,3383862,59.73,0;53731,3362574,3383878,61.93,0;
I (447246) HeartEarring: loop BPM 64.194 (1.070Hz) 53791,3362566,3383922,61.36,0;53831,3362575,3383973,58.54,0;53871,3362594,3383997,56.03,0;53911,3362567,3384025,53.72,0;53951,3362597,3384072,49.50,0;
I (447465) HeartEarring: loop BPM 64.194 (1.070Hz) 54009,3362564,3384054,43.00,0;54049,3362530,3384030,30.79,0;54089,3362490,3383881,9.86,0;54129,3362366,3383621,-22.09,1;54169,3362398,3383637,-60.54,0;54209,3362439,3383668,-84.24,0;
I (447672) HeartEarring: loop BPM 64.194 (1.070Hz) 54217,3362454,3383788,-78.15,0;54257,3362472,3383882,-48.35,0;54297,3362425,3383815,-12.65,0;54337,3362420,3383785,11.75,0;54377,3362396,3383745,19.62,0;
I (447817) HeartEarring: loop HR 1.070Hz (64.194 BPM) timeOfNextPeakMs 55027 interval 934ms
I (447892) HeartEarring: loop BPM 64.194 (1.070Hz) 54437,3362346,3383697,12.83,0;54477,3362365,3383704,-2.04,1;54517,3362404,3383785,-10.54,0;54557,3362418,3383842,-3.11,0;54597,3362409,3383789,15.07,0;
I (448111) HeartEarring: loop BPM 64.194 (1.070Hz) 54656,3362399,3383846,32.13,0;54696,3362362,3383793,38.66,0;54736,3362347,3383836,31.57,0;54776,3362349,3383818,16.58,0;54816,3362292,3383747,-0.15,0;
I (448314) HeartEarring: loop BPM 64.194 (1.070Hz) 54858,3362245,3383577,-19.23,1;54898,3362168,3383383,-42.43,0;54938,3362127,3383341,-67.67,0;54978,3362207,3383442,-81.43,0;55018,3362193,3383466,-69.56,0;
I (448516) HeartEarring: loop BPM 64.194 (1.070Hz) 55061,3362242,3383603,-35.45,0;55101,3362261,3383651,9.34,0;55141,3362211,3383551,48.75,0;55181,3362175,3383525,65.64,0;55221,3362194,3383569,59.62,0;
I (448735) HeartEarring: loop BPM 64.194 (1.070Hz) 55280,3362165,3383555,43.03,0;55320,3362162,3383599,25.08,0;55360,3362215,3383671,14.66,0;55400,3362195,3383666,17.04,0;55440,3362202,3383741,25.82,0;
I (448822) HeartEarring: loop HR 1.070Hz (64.194 BPM) timeOfNextPeakMs 55961 interval 934ms
I (448936) HeartEarring: loop BPM 64.194 (1.070Hz) 55480,3362218,3383786,34.17,0;55520,3362278,3383856,43.19,0;55560,3362249,3383849,52.38,0;55600,3362198,3383771,51.31,0;
I (449138) HeartEarring: loop BPM 64.194 (1.070Hz) 55683,3361995,3383321,22.45,0;55723,3361983,3383282,-37.62,1;55763,3362001,3383358,-99.47,0;55803,3362017,3383430,-129.69,0;
I (449356) HeartEarring: loop BPM 64.194 (1.070Hz) 55901,3362013,3383498,-121.09,0;55941,3361942,3383412,-90.20,0;55981,3361994,3383474,-55.41,0;56021,3361977,3383430,-21.79,0;56061,3362008,3383532,8.80,0;
I (449557) HeartEarring: loop BPM 64.194 (1.070Hz) 56101,3361996,3383535,33.63,0;56141,3361998,3383552,50.22,0;56181,3362012,3383612,58.63,0;56221,3362017,3383676,62.23,0;56261,3362018,3383716,62.73,0;
I (449762) HeartEarring: loop BPM 64.194 (1.070Hz) 56307,3362067,3383774,62.90,0;56347,3362064,3383795,65.49,0;56387,3362038,3383765,65.27,0;56427,3361946,3383558,50.82,0;56467,3361867,3383330,14.58,0;
I (449827) HeartEarring: loop HR 1.070Hz (64.194 BPM) timeOfNextPeakMs 56895 interval 934ms
I (449980) HeartEarring: loop BPM 64.194 (1.070Hz) 56525,3361801,3383214,-37.92,1;56565,3361788,3383243,-88.89,0;56605,3361857,3383351,-114.97,0;56645,3361880,3383468,-102.12,0;56685,3361899,3383569,-58.99,0;
I (450200) HeartEarring: loop BPM 64.194 (1.070Hz) 56745,3361871,3383505,-8.65,0;56785,3361880,3383537,29.17,0;56825,3361884,3383553,48.67,0;56865,3361902,3383635,54.56,0;56905,3361880,3383651,52.02,0;
I (450405) HeartEarring: loop BPM 64.194 (1.070Hz) 56950,3361855,3383649,42.12,0;56990,3361873,3383701,28.02,0;57030,3361868,3383693,16.66,0;57070,3361895,3383753,12.28,0;57110,3361860,3383731,13.06,0;
I (450625) HeartEarring: loop BPM 64.194 (1.070Hz) 57170,3361835,3383722,11.38,0;57210,3361782,3383627,0.72,0;57250,3361676,3383371,-23.34,1;57290,3361633,3383152,-59.82,0;57330,3361600,3383082,-95.68,0;57370,3361631,3383139,-113.28,0;
I (450829) HeartEarring: loop HR 1.070Hz (64.194 BPM) timeOfNextPeakMs 57829 interval 934ms
I (450846) HeartEarring: loop BPM 64.194 (1.070Hz) 57391,3361647,3383222,-101.96,0;57431,3361686,3383335,-63.96,0;57471,3361648,3383350,-14.60,0;57511,3361678,3383377,28.32,0;57551,3361664,3383359,56.88,0;
I (451047) HeartEarring: loop BPM 64.194 (1.070Hz) 57591,3361684,3383423,71.09,0;57631,3361699,3383448,75.55,0;57671,3361703,3383517,75.40,0;57711,3361748,3383601,74.48,0;57751,3361730,3383618,74.27,0;
I (451249) HeartEarring: loop BPM 64.194 (1.070Hz) 57794,3361750,3383650,71.50,0;57834,3361751,3383619,64.51,0;57874,3361746,3383636,53.37,0;57914,3361740,3383671,37.88,0;57954,3361717,3383633,18.65,0;
I (451470) HeartEarring: loop BPM 64.194 (1.070Hz) 58015,3361653,3383472,-5.90,1;58055,3361533,3383190,-41.54,0;58095,3361497,3383079,-87.65,0;58135,3361489,3383086,-127.83,0;58175,3361555,3383221,-140.47,0;58215,3361562,3383304,-116.88,0;
I (451690) HeartEarring: loop BPM 64.194 (1.070Hz) 58234,3361576,3383398,-68.89,0;58274,3361576,3383404,-16.59,0;58314,3361553,3383342,23.67,0;58354,3361572,3383416,45.10,0;58394,3361525,3383384,49.49,0;
I (451831) HeartEarring: loop HR 1.070Hz (64.194 BPM) timeOfNextPeakMs 58763 interval 934ms
I (451896) HeartEarring: loop BPM 64.194 (1.070Hz) 58441,3361557,3383454,42.49,0;58481,3361534,3383511,32.93,0;58521,3361558,3383575,26.82,0;58561,3361584,3383611,27.91,0;58601,3361576,3383627,35.65,0;
I (452114) HeartEarring: loop BPM 64.194 (1.070Hz) 58659,3361596,3383661,44.12,0;58699,3361587,3383686,48.83,0;58739,3361609,3383694,48.23,0;58779,3361599,3383699,43.08,0;58819,3361534,3383486,30.20,0;58859,3361400,3383191,-0.39,0;
I (452333) HeartEarring: loop BPM 64.194 (1.070Hz) 58878,3361340,3383102,-51.19,1;58918,3361364,3383105,-102.42,0;58958,3361358,3383145,-128.28,0;58998,3361382,3383223,-120.22,0;59038,3361390,3383258,-85.33,0;
I (452539) HeartEarring: loop BPM 64.194 (1.070Hz) 59084,3361369,3383217,-39.81,0;59124,3361346,3383212,-1.71,0;59164,3361361,3383261,21.49,0;59204,3361391,3383322,35.25,0;59244,3361361,3383300,44.69,0;
I (452739) HeartEarring: loop BPM 64.194 (1.070Hz) 59284,3361418,3383376,51.49,0;59324,3361395,3383376,58.17,0;59364,3361430,3383446,63.81,0;59404,3361424,3383419,66.86,0;59444,3361439,3383452,66.30,0;
I (452834) HeartEarring: loop HR 1.070Hz (64.194 BPM) timeOfNextPeakMs 59697 interval 934ms
I (452957) HeartEarring: loop BPM 64.194 (1.070Hz) 59502,3361444,3383463,61.64,0;59542,3361409,3383439,51.46,0;59582,3361494,3383486,38.86,0;59622,3361411,3383283,28.24,0;59662,3361302,3383040,7.47,0;59702,3361307,3383019,-29.79,1;
I (453161) HeartEarring: loop BPM 64.194 (1.070Hz) 59706,3361305,3383033,-66.29,0;59746,3361367,3383178,-81.98,0;59786,3361360,3383222,-70.61,0;59826,3361376,3383268,-42.28,0;59866,3361411,3383272,-9.44,0;
I (453363) HeartEarring: loop BPM 64.194 (1.070Hz) 59908,3361331,3383186,15.52,0;59948,3361389,3383233,24.04,0;59988,3361390,3383230,23.47,0;60028,3361447,3383330,24.80,0;60068,3361488,3383427,34.03,0;
I (453582) HeartEarring: loop BPM 64.194 (1.070Hz) 60127,3361450,3383424,46.68,0;60167,3361547,3383588,55.76,0;60207,3361461,3383497,58.56,0;60247,3361466,3383556,47.33,0;60287,3361469,3383547,23.81,0;
I (453784) HeartEarring: loop BPM 64.194 (1.070Hz) 60329,3361456,3383533,-1.34,1;60369,3361392,3383432,-25.84,0;60409,3361259,3383135,-57.50,0;60449,3361244,3383040,-98.27,0;60489,3361209,3382995,-133.23,0;
I (453836) HeartEarring: loop HR 1.070Hz (64.194 BPM) timeOfNextPeakMs 60631 interval 934ms
I (453988) HeartEarring: loop BPM 64.194 (1.070Hz) 60533,3361261,3383114,-144.41,0;60573,3361276,3383186,-123.39,0;60613,3361356,3383305,-73.84,0;60653,3361377,3383338,-8.51,0;60693,3361315,3383230,49.02,0;
I (454206) HeartEarring: loop BPM 64.194 (1.070Hz) 60751,3361321,3383278,77.81,0;60791,3361369,3383381,81.70,0;60831,3361352,3383369,75.39,0;60871,3361390,3383456,66.86,0;60911,3361483,3383620,65.82,0;
I (454427) HeartEarring: loop BPM 64.194 (1.070Hz) 60972,3361454,3383625,75.39,0;61012,3361498,3383699,84.73,0;61052,3361507,3383744,86.61,0;61092,3361473,3383712,77.05,0;61132,3361408,3383612,49.54,0;
I (454632) HeartEarring: loop BPM 64.194 (1.070Hz) 61176,3361318,3383271,1.73,0;61216,3361215,3383030,-61.94,1;61256,3361201,3383019,-126.29,0;61296,3361204,3383088,-167.99,0;61336,3361263,3383263,-169.94,0;
I (454839) HeartEarring: loop HR 1.070Hz (64.194 BPM) timeOfNextPeakMs 61565 interval 934ms
I (454852) HeartEarring: loop BPM 64.194 (1.070Hz) 61397,3361335,3383423,-129.01,0;61437,3361332,3383391,-60.52,0;61477,3361332,3383377,6.97,0;61517,3361363,3383446,54.33,0;61557,3361331,3383412,76.82,0;
I (455073) HeartEarring: loop BPM 64.194 (1.070Hz) 61618,3361372,3383500,77.97,0;61658,3361368,3383538,68.44,0;61698,3361385,3383592,56.97,0;61738,3361334,3383563,44.19,0;61778,3361368,3383620,29.40,0;
I (455274) HeartEarring: loop BPM 64.194 (1.070Hz) 61818,3361423,3383725,20.55,0;61858,3361414,3383674,22.82,0;61898,3361257,3383346,19.46,0;61938,3361129,3382980,-13.66,1;
I (455477) HeartEarring: loop BPM 64.194 (1.070Hz) 62022,3361122,3383014,-72.05,0;62062,3361118,3383088,-123.78,0;62102,3361196,3383295,-140.13,0;62142,3361189,3383269,-113.89,0;62182,3361178,3383330,-63.31,0;
I (455535) SysMan: {"n":"Heart Earrings","v":"a724b68-dirty","r":"","hpInt":110884,"hpMin":108316,"hpAll":110884,"BLEMan":{"s":"adv","adv":"Heart1.7_22f696","rxBPS":0.0,"txBPS":0.0},"SysMan":{"avgUs":449.94,"maxUs":4385,"minUs":0,"slowUs":{"Jewelry":4210,"DevMan":326}}}
I (455698) HeartEarring: loop BPM 64.194 (1.070Hz) 62243,3361186,3383361,-12.43,0;62283,3361145,3383331,23.80,0;62323,3361183,3383437,41.51,0;62363,3361199,3383495,49.15,0;62403,3361232,3383583,56.09,0;
I (455842) HeartEarring: loop HR 1.070Hz (64.194 BPM) timeOfNextPeakMs 62499 interval 934ms
I (455918) HeartEarring: loop BPM 64.194 (1.070Hz) 62463,3361183,3383564,61.64,0;62503,3361214,3383611,61.00,0;62543,3361187,3383577,54.69,0;62583,3361083,3383465,38.36,0;62623,3361112,3383510,9.92,0;
I (456124) HeartEarring: loop BPM 64.194 (1.070Hz) 62669,3360971,3383346,-24.18,1;62709,3360773,3382910,-71.23,0;62749,3360603,3382575,-139.98,0;62789,3360584,3382628,-211.24,0;62829,3360569,3382619,-248.95,0;
I (456344) HeartEarring: loop BPM 64.194 (1.070Hz) 62889,3360591,3382713,-232.61,0;62929,3360575,3382740,-169.03,0;62969,3360600,3382764,-80.88,0;63009,3360535,3382699,5.06,0;63049,3360551,3382761,68.62,0;
I (456562) HeartEarring: loop BPM 64.194 (1.070Hz) 63107,3360614,3382853,110.80,0;63147,3360521,3382822,136.93,0;63187,3360536,3382901,143.02,0;63227,3360580,3382989,137.50,0;63267,3360561,3383005,132.84,0;63307,3360555,3383038,128.03,0;
I (456767) HeartEarring: loop BPM 64.194 (1.070Hz) 63311,3360544,3383011,118.84,0;63351,3360577,3383100,106.63,0;63391,3360598,3383138,96.47,0;63431,3360646,3383176,91.84,0;63471,3360517,3382938,83.62,0;
I (456844) HeartEarring: loop HR 1.070Hz (64.194 BPM) timeOfNextPeakMs 64367 interval 934ms
I (456969) HeartEarring: loop BPM 64.194 (1.070Hz) 63514,3360405,3382670,50.93,0;63554,3360376,3382561,-8.31,1;63594,3360361,3382564,-69.86,0;63634,3360359,3382605,-109.94,0;63674,3360381,3382728,-118.20,0;
I (457187) HeartEarring: loop BPM 64.194 (1.070Hz) 63732,3360456,3382907,-93.44,0;63772,3360442,3382924,-45.62,0;63812,3360475,3382993,5.12,0;63852,3360537,3383043,47.14,0;63892,3360631,3383156,82.82,0;
I (457388) HeartEarring: loop BPM 64.194 (1.070Hz) 63932,3360667,3383263,114.15,0;63972,3360765,3383417,138.77,0;64012,3360721,3383396,150.34,0;64052,3360763,3383507,140.43,0;64092,3360737,3383464,109.93,0;
I (457592) HeartEarring: loop BPM 64.194 (1.070Hz) 64137,3360764,3383499,67.67,0;64177,3360827,3383611,28.10,0;64217,3360851,3383606,3.75,0;64257,3360877,3383612,-6.22,1;64297,3360815,3383419,-13.85,0;
I (457810) HeartEarring: loop BPM 64.194 (1.070Hz) 64355,3360700,3383151,-37.57,0;64395,3360684,3383178,-82.87,0;64435,3360776,3383346,-125.65,0;64475,3360866,3383501,-133.78,0;64515,3360907,3383661,-100.44,0;64555,3360966,3383742,-43.68,0;
I (457846) HeartEarring: loop HR 1.070Hz (64.194 BPM) timeOfNextPeakMs 65301 interval 934ms
I (458031) HeartEarring: loop BPM 64.194 (1.070Hz) 64576,3360937,3383695,10.67,0;64616,3360951,3383684,41.71,0;64656,3360941,3383686,44.79,0;64696,3360910,3383656,26.10,0;64736,3360906,3383724,-4.63,1;
I (458235) HeartEarring: loop BPM 64.194 (1.070Hz) 64780,3360915,3383789,-33.81,0;64820,3360842,3383729,-55.14,0;64860,3360932,3383848,-65.94,0;64900,3360983,3383969,-55.79,0;64940,3361012,3384002,-24.26,0;
I (458456) HeartEarring: loop BPM 64.194 (1.070Hz) 65001,3361030,3384060,13.69,0;65041,3360963,3383958,38.94,0;65081,3360844,3383596,32.36,0;65121,3360836,3383484,-7.05,1;65161,3360861,3383500,-53.13,0;65201,3360768,3383417,-84.50,0;
I (458677) HeartEarring: loop BPM 64.194 (1.070Hz) 65222,3360768,3383506,-100.08,0;65262,3360798,3383620,-97.44,0;65302,3360735,3383603,-77.81,0;65342,3360742,3383630,-53.24,0;65382,3360737,3383586,-29.93,0;
I (458849) HeartEarring: loop HR 1.070Hz (64.194 BPM) timeOfNextPeakMs 66235 interval 934ms
I (458880) HeartEarring: loop BPM 64.194 (1.070Hz) 65424,3360708,3383598,-10.05,0;65464,3360805,3383785,9.28,0;65504,3360809,3383780,35.80,0;65544,3360810,3383832,64.48,0;65584,3360852,3383895,86.19,0;
I (459083) HeartEarring: loop BPM 64.194 (1.070Hz) 65628,3360848,3383903,98.70,0;65668,3360836,3383941,98.97,0;65708,3360792,3383873,83.57,0;65748,3360853,3383944,58.61,0;65788,3360718,3383764,30.26,0;
I (459303) HeartEarring: loop BPM 64.194 (1.070Hz) 330,3360419,3383094,-21.45,1;370,3360460,3383115,-103.35,0;410,3360442,3383148,-174.49,0;450,3360484,3383280,-197.50,0;490,3360557,3383455,-164.34,0;
I (459522) HeartEarring: loop BPM 64.194 (1.070Hz) 549,3360578,3383492,-88.64,0;589,3360581,3383476,-1.49,0;629,3360593,3383522,68.62,0;669,3360612,3383548,110.16,0;709,3360631,3383602,125.83,0;
I (459728) HeartEarring: loop BPM 64.194 (1.070Hz) 755,3360676,3383704,125.74,0;795,3360666,3383738,118.50,0;835,3360666,3383758,105.35,0;875,3360659,3383790,86.11,0;915,3360676,3383803,64.19,0;
I (459851) HeartEarring: loop HR 1.070Hz (64.194 BPM) timeOfNextPeakMs 1789 interval 934ms
I (459948) HeartEarring: loop BPM 64.194 (1.070Hz) 975,3360681,3383858,44.33,0;1015,3360586,3383710,22.91,0;1055,3360497,3383458,-11.66,1;1095,3360369,3383185,-64.34,0;1135,3360346,3383138,-124.32,0;
I (460166) HeartEarring: loop BPM 64.194 (1.070Hz) 1193,3360371,3383200,-165.93,0;1233,3360376,3383256,-169.34,0;1273,3360456,3383452,-132.82,0;1313,3360490,3383549,-66.53,0;1353,3360485,3383552,7.09,0;
I (460369) HeartEarring: loop BPM 64.194 (1.070Hz) 1395,3360471,3383524,62.74,0;1435,3360488,3383609,89.86,0;1475,3360545,3383701,96.72,0;1515,3360576,3383699,97.76,0;
I (460571) HeartEarring: loop BPM 64.194 (1.070Hz) 1598,3360553,3383832,96.50,0;1638,3360571,3383873,88.91,0;1678,3360573,3383889,75.51,0;1718,3360603,3383904,60.64,0;
I (460789) HeartEarring: loop BPM 64.194 (1.070Hz) 1816,3360402,3383561,36.16,0;1856,3360326,3383306,-14.29,1;1896,3360257,3383150,-83.28,0;1936,3360284,3383232,-141.49,0;1976,3360423,3383474,-156.47,0;
I (460857) HeartEarring: loop HR 1.070Hz (64.194 BPM) timeOfNextPeakMs 2723 interval 934ms
I (460990) HeartEarring: loop BPM 64.194 (1.070Hz) 2016,3360479,3383612,-113.46,0;2056,3360502,3383739,-33.93,0;2096,3360580,3383823,48.55,0;2136,3360528,3383773,108.69,0;2176,3360590,3383832,132.99,0;
I (461194) HeartEarring: loop BPM 64.194 (1.070Hz) 2221,3360579,3383837,126.92,0;2261,3360672,3383970,107.16,0;2301,3360758,3384079,93.44,0;2341,3360763,3384125,92.45,0;2381,3360777,3384140,92.13,0;
I (461412) HeartEarring: loop BPM 64.194 (1.070Hz) 2439,3360761,3384085,80.28,0;2479,3360782,3384142,54.65,0;2519,3360750,3384099,19.85,0;2559,3360729,3384061,-19.85,1;2599,3360663,3383808,-62.07,0;
I (461632) HeartEarring: loop BPM 64.194 (1.070Hz) 2659,3360264,3382862,-124.42,0;2699,3360269,3382851,-218.73,0;2739,3360304,3383013,-300.48,0;2779,3360456,3383255,-312.06,0;2819,3360552,3383542,-237.28,0;
I (461837) HeartEarring: loop BPM 64.194 (1.070Hz) 2864,3360613,3383651,-104.87,0;2904,3360564,3383594,29.87,0;2944,3360578,3383632,121.06,0;2984,3360679,3383810,162.74,0;3024,3360715,3383826,175.70,0;
I (461861) HeartEarring: loop HR 1.070Hz (64.194 BPM) timeOfNextPeakMs 3657 interval 934ms
I (462057) HeartEarring: loop BPM 64.194 (1.070Hz) 3084,3360693,3383904,171.20,0;3124,3360672,3383922,148.69,0;3164,3360685,3383993,112.89,0;3204,3360633,3383983,71.99,0;3244,3360632,3384013,30.71,0;3284,3360678,3384058,-1.64,1;
I (462278) HeartEarring: loop BPM 64.194 (1.070Hz) 3305,3360651,3384011,-18.07,0;3345,3360571,3383845,-28.70,0;3385,3360359,3383319,-56.77,0;3425,3360270,3383098,-114.45,0;3465,3360273,3383139,-179.01,0;
I (462479) HeartEarring: loop BPM 64.194 (1.070Hz) 3505,3360363,3383329,-208.63,0;3545,3360470,3383575,-176.93,0;3585,3360531,3383708,-90.63,0;3625,3360532,3383756,14.53,0;3665,3360554,3383769,100.04,0;
I (462681) HeartEarring: loop BPM 64.194 (1.070Hz) 3708,3360536,3383739,145.75,0;3748,3360582,3383827,152.93,0;3788,3360617,3383918,138.52,0;3828,3360648,3383998,119.48,0;3868,3360771,3384180,108.92,0;
I (462863) HeartEarring: loop HR 1.070Hz (64.194 BPM) timeOfNextPeakMs 4591 interval 934ms
I (462902) HeartEarring: loop BPM 64.194 (1.070Hz) 3929,3360784,3384222,112.65,0;3969,3360813,3384285,119.73,0;4009,3360805,3384311,115.34,0;4049,3360832,3384381,94.55,0;4089,3360798,3384340,59.80,0;4129,3360684,3384081,9.51,0;
I (463122) HeartEarring: loop BPM 64.194 (1.070Hz) 4148,3360472,3383513,-66.01,1;4188,3360378,3383288,-164.60,0;4228,3360418,3383365,-252.46,0;4268,3360469,3383528,-286.76,0;4308,3360500,3383686,-254.61,0;
I (463328) HeartEarring: loop BPM 64.194 (1.070Hz) 4355,3360573,3383876,-173.20,0;4395,3360592,3383902,-71.32,0;4435,3360611,3383905,20.92,0;4475,3360601,3383896,82.60,0;4515,3360586,3383902,107.15,0;
I (463548) HeartEarring: loop BPM 64.194 (1.070Hz) 4575,3360626,3384006,103.49,0;4615,3360642,3384087,89.71,0;4655,3360687,3384170,79.47,0;4695,3360661,3384170,75.06,0;4735,3360743,3384297,74.27,0;4775,3360723,3384304,76.16,0;
I (463767) HeartEarring: loop BPM 64.194 (1.070Hz) 4794,3360786,3384413,77.39,0;4834,3360804,3384436,76.60,0;4874,3360692,3384255,65.22,0;4914,3360526,3383784,22.95,0;4954,3360331,3383375,-60.25,1;
I (463866) HeartEarring: loop HR 1.070Hz (64.194 BPM) timeOfNextPeakMs 5525 interval 934ms
I (463970) HeartEarring: loop BPM 64.194 (1.070Hz) 4996,3360369,3383462,-160.29,0;5036,3360421,3383602,-225.69,0;5076,3360499,3383807,-222.78,0;5116,3360575,3384024,-155.78,0;5156,3360579,3384038,-55.90,0;
I (464171) HeartEarring: loop BPM 64.194 (1.070Hz) 5198,3360638,3384100,39.42,0;5238,3360595,3384067,104.67,0;5278,3360650,3384159,131.15,0;5318,3360662,3384181,128.96,0;5358,3360639,3384215,110.58,0;
I (464389) HeartEarring: loop BPM 64.194 (1.070Hz) 5416,3360721,3384296,86.97,0;5456,3360705,3384294,69.73,0;5496,3360732,3384365,59.12,0;5536,3360709,3384302,49.11,0;5576,3360742,3384358,36.67,0;5616,3360700,3384335,20.93,0;
I (464593) HeartEarring: loop BPM 64.194 (1.070Hz) 5620,3360666,3384287,-1.37,1;5660,3360496,3383929,-38.74,0;5700,3360321,3383506,-101.51,0;5740,3360286,3383387,-179.51,0;5780,3360322,3383479,-235.27,0;
I (464796) HeartEarring: loop BPM 64.194 (1.070Hz) 5823,3360384,3383688,-236.02,0;5863,3360479,3383848,-175.72,0;5903,3360544,3383983,-72.80,0;5943,3360592,3384064,40.09,0;5983,3360578,3384021,129.40,0;
I (464869) HeartEarring: loop HR 1.070Hz (64.194 BPM) timeOfNextPeakMs 6459 interval 934ms
I (465014) HeartEarring: loop BPM 64.194 (1.070Hz) 6041,3360644,3384076,177.89,0;6081,3360644,3384116,189.42,0;6121,3360696,3384256,176.35,0;6161,3360730,3384329,153.11,0;6201,3360786,3384427,131.58,0;
I (465216) HeartEarring: loop BPM 64.194 (1.070Hz) 6243,3360820,3384487,116.26,0;6283,3360847,3384514,104.59,0;6323,3360862,3384538,90.60,0;6363,3360888,3384622,71.03,0;6403,3360862,3384602,44.43,0;
I (465421) HeartEarring: loop BPM 64.194 (1.070Hz) 6448,3360799,3384429,6.60,0;6488,3360606,3383930,-52.16,1;6528,3360413,3383593,-140.49,0;6568,3360402,3383602,-240.39,0;6608,3360442,3383716,-306.08,0;
I (465640) HeartEarring: loop BPM 64.194 (1.070Hz) 6667,3360598,3384052,-298.75,0;6707,3360628,3384121,-216.08,0;6747,3360585,3384079,-99.77,0;6787,3360617,3384065,1.30,0;6827,3360634,3384155,67.76,0;
I (465860) HeartEarring: loop BPM 64.194 (1.070Hz) 6887,3360626,3384209,99.86,0;6927,3360682,3384303,107.19,0;6967,3360694,3384371,104.81,0;7007,3360724,3384452,101.56,0;7047,3360757,3384519,100.25,0;
I (465871) HeartEarring: loop HR 1.070Hz (64.194 BPM) timeOfNextPeakMs 7393 interval 934ms
I (466065) HeartEarring: loop BPM 64.194 (1.070Hz) 7092,3360812,3384563,102.71,0;7132,3360821,3384627,106.80,0;7172,3360807,3384631,103.92,0;7212,3360826,3384614,88.26,0;7252,3360604,3384155,50.67,0;
I (466285) HeartEarring: loop BPM 64.194 (1.070Hz) 7312,3360487,3383760,-22.34,1;7352,3360539,3383941,-110.52,0;7392,3360639,3384182,-163.99,0;7432,3360662,3384282,-157.05,0;7472,3360634,3384298,-108.16,0;
I (466505) HeartEarring: loop BPM 64.194 (1.070Hz) 7532,3360641,3384324,-51.35,0;7572,3360614,3384310,-8.80,0;7612,3360643,3384360,13.54,0;7652,3360639,3384372,21.54,0;7692,3360716,3384499,26.48,0;
I (466706) HeartEarring: loop BPM 64.194 (1.070Hz) 7732,3360715,3384596,36.78,0;7772,3360757,3384623,51.21,0;7812,3360702,3384588,60.96,0;7852,3360759,3384663,60.17,0;
I (466873) HeartEarring: loop HR 1.070Hz (64.194 BPM) timeOfNextPeakMs 8327 interval 934ms
I (466908) HeartEarring: loop BPM 64.194 (1.070Hz) 7935,3360787,3384686,54.92,0;7975,3360570,3384209,38.45,0;8015,3360340,3383681,-17.53,1;8055,3360350,3383631,-108.61,0;
I (467128) HeartEarring: loop BPM 64.194 (1.070Hz) 8155,3360459,3383929,-180.11,0;8195,3360586,3384218,-181.87,0;8235,3360611,3384317,-113.24,0;8275,3360636,3384365,-14.03,0;8315,3360652,3384387,73.69,0;
I (467348) HeartEarring: loop BPM 64.194 (1.070Hz) 8374,3360646,3384380,126.29,0;8414,3360684,3384478,140.76,0;8454,3360722,3384562,130.99,0;8494,3360740,3384631,112.63,0;8534,3360752,3384696,92.99,0;
I (467554) HeartEarring: loop BPM 64.194 (1.070Hz) 8581,3360781,3384760,75.02,0;8621,3360772,3384778,58.95,0;8661,3360812,3384822,43.86,0;8701,3360837,3384854,31.86,0;8741,3360722,3384650,16.24,0;
I (467774) HeartEarring: loop BPM 64.194 (1.070Hz) 8801,3360531,3384134,-24.79,1;8841,3360448,3383927,-98.77,0;8881,3360516,3384053,-173.97,0;8921,3360536,3384166,-207.86,0;8961,3360614,3384364,-185.45,0;
I (467875) HeartEarring: loop HR 1.070Hz (64.194 BPM) timeOfNextPeakMs 9261 interval 934ms
I (467992) HeartEarring: loop BPM 64.194 (1.070Hz) 9019,3360683,3384551,-116.90,0;9059,3360690,3384592,-28.36,0;9099,3360722,3384600,49.31,0;9139,3360725,3384623,98.26,0;9179,3360771,3384701,117.32,0;
I (468195) HeartEarring: loop BPM 64.194 (1.070Hz) 9221,3360867,3384890,120.48,0;9261,3360846,3384905,119.63,0;9301,3360814,3384960,109.04,0;9341,3360856,3384991,85.33,0;9381,3360862,3384973,58.00,0;
I (468397) HeartEarring: loop BPM 64.194 (1.070Hz) 9424,3360896,3385052,35.40,0;9464,3360914,3385098,20.68,0;9504,3360810,3384950,5.85,0;9544,3360639,3384540,-30.23,1;9584,3360447,3384126,-101.86,0;
I (468615) HeartEarring: loop BPM 64.194 (1.070Hz) 9642,3360470,3384134,-189.94,0;9682,3360513,3384239,-247.00,0;9722,3360618,3384441,-238.36,0;9762,3360626,3384581,-167.89,0;9802,3360733,3384726,-64.92,0;
I (468816) HeartEarring: loop BPM 64.194 (1.070Hz) 9842,3360711,3384670,37.62,0;9882,3360696,3384659,109.23,0;9922,3360767,3384733,140.09,0;9962,3360744,3384777,142.03,0;10002,3360819,3384916,129.03,0;
I (468877) HeartEarring: loop HR 1.070Hz (64.194 BPM) timeOfNextPeakMs 10195 interval 934ms
I (469020) HeartEarring: loop BPM 64.194 (1.070Hz) 10047,3360829,3384923,114.18,0;10087,3360827,3384948,100.99,0;10127,3360884,3385026,88.16,0;10167,3360843,3385015,75.04,0;10207,3360837,3385035,55.50,0;
I (469238) HeartEarring: loop BPM 64.194 (1.070Hz) 10265,3360864,3385073,29.99,0;10305,3360887,3385090,7.72,0;10345,3360759,3384800,-14.17,1;10385,3360574,3384408,-55.96,0;10425,3360461,3384206,-126.64,0;10465,3360489,3384275,-200.04,0;
I (469459) HeartEarring: loop BPM 64.194 (1.070Hz) 10486,3360535,3384413,-234.76,0;10526,3360517,3384506,-214.89,0;10566,3360551,3384617,-155.56,0;10606,3360482,3384516,-83.81,0;10646,3360515,3384542,-22.97,0;
I (469664) HeartEarring: loop BPM 64.194 (1.070Hz) 10690,3360485,3384516,19.05,0;10730,3360539,3384560,46.21,0;10770,3360506,3384611,64.52,0;10810,3360562,3384716,77.90,0;10850,3360574,3384796,90.67,0;
I (469884) HeartEarring: loop BPM 64.194 (1.070Hz) 10911,3360590,3384808,103.19,0;10951,3360601,3384793,111.16,0;10991,3360609,3384895,111.77,0;11031,3360650,3384908,106.21,0;11071,3360621,3384910,95.84,0;11111,3360510,3384699,71.76,0;
I (469888) HeartEarring: loop HR 1.070Hz (64.194 BPM) timeOfNextPeakMs 11129 interval 934ms
I (470105) HeartEarring: loop BPM 64.194 (1.070Hz) 11132,3360347,3384292,19.60,0;11172,3360238,3384045,-60.78,1;11212,3360270,3384121,-141.52,0;11252,3360371,3384283,-179.84,0;11292,3360423,3384460,-154.54,0;
I (470307) HeartEarring: loop BPM 64.194 (1.070Hz) 11334,3360461,3384531,-82.13,0;11374,3360481,3384594,3.14,0;11414,3360499,3384594,72.41,0;11454,3360496,3384575,110.78,0;11494,3360527,3384677,118.65,0;
I (470510) HeartEarring: loop BPM 64.194 (1.070Hz) 11537,3360534,3384671,106.88,0;11577,3360565,3384755,87.67,0;11617,3360585,3384807,70.09,0;11657,3360609,3384884,58.13,0;11697,3360597,3384905,49.22,0;
I (470730) HeartEarring: loop BPM 64.194 (1.070Hz) 11757,3360641,3384937,40.28,0;11797,3360637,3384973,31.52,0;11837,3360671,3385001,22.99,0;11877,3360618,3384863,11.55,0;11917,3360362,3384306,-21.68,1;11957,3360277,3384066,-92.64,0;
I (470890) HeartEarring: loop HR 1.070Hz (64.194 BPM) timeOfNextPeakMs 12063 interval 934ms
I (470950) HeartEarring: loop BPM 64.194 (1.070Hz) 11977,3360265,3384023,-176.30,0;12017,3360345,3384221,-225.57,0;12057,3360418,3384417,-211.79,0;12097,3360527,3384620,-137.48,0;12137,3360552,3384672,-30.75,0;
I (471156) HeartEarring: loop BPM 64.194 (1.070Hz) 12183,3360574,3384661,69.30,0;12223,3360614,3384734,135.99,0;12263,3360624,3384755,163.89,0;12303,3360651,3384853,159.74,0;12343,3360678,3384932,136.98,0;
I (471376) HeartEarring: loop BPM 64.194 (1.070Hz) 12403,3360728,3385011,110.59,0;12443,3360766,3385097,90.78,0;12483,3360801,3385146,79.45,0;12523,3360794,3385157,70.51,0;12563,3360805,3385221,56.01,0;12603,3360836,3385287,35.43,0;
I (471595) HeartEarring: loop BPM 64.194 (1.070Hz) 12622,3360873,3385275,15.31,0;12662,3360656,3384832,-13.01,1;12702,3360467,3384424,-75.04,0;12742,3360447,3384348,-166.04,0;12782,3360522,3384510,-238.59,0;
I (471798) HeartEarring: loop BPM 64.194 (1.070Hz) 12824,3360546,3384655,-252.88,0;12864,3360584,3384815,-208.22,0;12904,3360690,3384988,-124.12,0;12944,3360660,3384968,-27.32,0;12984,3360630,3384890,47.88,0;
I (471893) HeartEarring: loop HR 1.070Hz (64.194 BPM) timeOfNextPeakMs 12997 interval 934ms
I (472000) HeartEarring: loop BPM 64.194 (1.070Hz) 13027,3360652,3384936,83.87,0;13067,3360643,3384965,88.21,0;13107,3360712,3385096,78.61,0;13147,3360683,3385133,69.40,0;13187,3360702,3385169,62.57,0;
I (472218) HeartEarring: loop BPM 64.194 (1.070Hz) 13245,3360768,3385270,60.23,0;13285,3360779,3385324,65.85,0;13325,3360791,3385325,73.20,0;13365,3360810,3385350,74.71,0;13405,3360709,3385094,62.12,0;
I (472419) HeartEarring: loop BPM 64.194 (1.070Hz) 13445,3360505,3384613,18.05,0;13485,3360453,3384458,-60.58,1;13525,3360445,3384471,-142.25,0;13565,3360548,3384649,-184.47,0;13605,3360571,3384758,-167.23,0;
I (472623) HeartEarring: loop BPM 64.194 (1.070Hz) 13650,3360694,3384998,-99.98,0;13690,3360689,3384962,-9.40,0;13730,3360656,3384952,67.48,0;13770,3360661,3384963,104.96,0;13810,3360677,3385002,105.82,0;
I (472841) HeartEarring: loop BPM 64.194 (1.070Hz) 13868,3360744,3385074,89.93,0;13908,3360751,3385146,75.38,0;13948,3360760,3385198,65.92,0;13988,3360785,3385261,58.76,0;14028,3360796,3385296,52.54,0;
I (472895) HeartEarring: loop HR 1.070Hz (64.194 BPM) timeOfNextPeakMs 14865 interval 934ms
I (473062) HeartEarring: loop BPM 64.194 (1.070Hz) 14089,3360810,3385328,45.47,0;14129,3360919,3385487,41.79,0;14169,3360866,3385446,43.55,0;14209,3360837,3385394,37.31,0;14249,3360751,3385142,10.28,0;14289,3360599,3384799,-42.59,1;
I (473268) HeartEarring: loop BPM 64.194 (1.070Hz) 14294,3360629,3384778,-110.13,0;14334,3360645,3384857,-159.77,0;14374,3360721,3385043,-166.06,0;14414,3360824,3385237,-123.76,0;14454,3360849,3385334,-47.93,0;
I (473488) HeartEarring: loop BPM 64.194 (1.070Hz) 14515,3360871,3385355,30.19,0;14555,3360860,3385314,83.52,0;14595,3360868,3385356,101.80,0;14635,3360921,3385445,93.90,0;14675,3360859,3385446,72.62,0;14715,3360947,3385571,47.19,0;
I (473709) HeartEarring: loop BPM 64.194 (1.070Hz) 14736,3360973,3385627,31.30,0;14776,3360967,3385645,27.76,0;14816,3360966,3385678,26.17,0;14856,3360957,3385698,19.15,0;14896,3360978,3385751,6.70,0;
I (473897) HeartEarring: loop HR 1.070Hz (64.194 BPM) timeOfNextPeakMs 15799 interval 934ms
I (473911) HeartEarring: loop BPM 64.194 (1.070Hz) 14938,3360981,3385757,-6.48,1;14978,3360853,3385491,-24.78,0;15018,3360673,3385127,-65.44,0;15058,3360593,3384996,-131.78,0;15098,3360618,3384982,-195.13,0;
I (474113) HeartEarring: loop BPM 64.194 (1.070Hz) 15140,3360724,3385177,-214.76,0;15180,3360735,3385302,-174.93,0;15220,3360802,3385416,-94.25,0;15260,3360774,3385425,-4.94,0;15300,3360729,3385333,60.89,0;
I (474331) HeartEarring: loop BPM 64.194 (1.070Hz) 15358,3360780,3385368,90.69,0;15398,3360731,3385344,93.48,0;15438,3360759,3385401,80.55,0;15478,3360796,3385465,66.24,0;15518,3360779,3385501,59.85,0;15558,3360784,3385554,57.81,0;
I (474533) HeartEarring: loop BPM 64.194 (1.070Hz) 15559,3360763,3385503,54.15,0;15599,3360762,3385525,45.72,0;15639,3360766,3385506,33.90,0;15679,3360773,3385506,22.76,0;15719,3360704,3385350,10.61,0;
I (474735) HeartEarring: loop BPM 64.194 (1.070Hz) 15762,3360506,3384892,-17.96,1;15802,3360379,3384626,-76.41,0;15842,3360369,3384675,-147.24,0;15882,3360412,3384738,-190.99,0;15922,3360487,3384890,-180.23,0;
I (474900) HeartEarring: loop HR 1.070Hz (64.194 BPM) timeOfNextPeakMs 16733 interval 934ms
I (474953) HeartEarring: loop BPM 64.194 (1.070Hz) 15980,3360569,3385124,-114.47,0;16020,3360574,3385154,-18.80,0;16060,3360593,3385155,70.64,0;16100,3360656,3385236,132.81,0;16140,3360569,3385172,159.97,0;
I (475154) HeartEarring: loop BPM 64.194 (1.070Hz) 16180,3360657,3385313,153.31,0;16220,3360630,3385356,129.30,0;16260,3360652,3385398,101.37,0;16300,3360709,3385464,78.47,0;16340,3360660,3385452,63.88,0;
I (475356) HeartEarring: loop BPM 64.194 (1.070Hz) 16383,3360728,3385529,52.60,0;16423,3360722,3385504,44.16,0;16463,3360759,3385596,37.91,0;16503,3360731,3385511,29.60,0;16543,3360614,3385215,8.30,0;
I (475574) HeartEarring: loop BPM 64.194 (1.070Hz) 16601,3360388,3384780,-44.59,1;16641,3360345,3384673,-128.38,0;16681,3360427,3384806,-202.22,0;16721,3360452,3384893,-222.62,0;16761,3360501,3385084,-183.83,0;16801,3360593,3385225,-103.77,0;
I (475776) HeartEarring: loop BPM 64.194 (1.070Hz) 16802,3360542,3385190,-11.80,0;16842,3360546,3385172,57.87,0;16882,3360564,3385194,91.85,0;16922,3360567,3385273,97.99,0;16962,3360609,3385323,89.90,0;
I (475904) HeartEarring: loop HR 1.070Hz (64.194 BPM) timeOfNextPeakMs 17667 interval 934ms
I (475979) HeartEarring: loop BPM 64.194 (1.070Hz) 17006,3360633,3385413,80.93,0;17046,3360674,3385496,78.02,0;17086,3360671,3385528,79.51,0;17126,3360693,3385562,79.20,0;17166,3360704,3385600,73.59,0;
I (476200) HeartEarring: loop BPM 64.194 (1.070Hz) 17227,3360683,3385580,60.84,0;17267,3360741,3385663,43.03,0;17307,3360584,3385390,18.56,0;17347,3360434,3385016,-28.84,1;17387,3360231,3384604,-108.65,0;
I (476419) HeartEarring: loop BPM 64.194 (1.070Hz) 17445,3360272,3384660,-197.93,0;17485,3360360,3384796,-246.96,0;17525,3360370,3384897,-227.27,0;17565,3360444,3385103,-152.77,0;17605,3360443,3385138,-54.66,0;17645,3360519,3385176,37.91,0;
I (476626) HeartEarring: loop BPM 64.194 (1.070Hz) 17653,3360559,3385197,109.73,0;17693,3360504,3385189,150.54,0;17733,3360533,3385232,154.68,0;17773,3360550,3385277,134.53,0;17813,3360577,3385302,108.26,0;
I (476846) HeartEarring: loop BPM 64.194 (1.070Hz) 17873,3360571,3385325,85.19,0;17913,3360577,3385384,66.13,0;17953,3360590,3385392,50.14,0;17993,3360599,3385481,37.23,0;18033,3360660,3385551,29.43,0;
I (476909) HeartEarring: loop HR 1.070Hz (64.194 BPM) timeOfNextPeakMs 18601 interval 934ms
I (477064) HeartEarring: loop BPM 64.194 (1.070Hz) 18091,3360655,3385545,27.74,0;18131,3360539,3385329,19.23,0;18171,3360283,3384781,-23.19,1;18211,3360287,3384625,-103.19,0;18251,3360285,3384654,-180.37,0;18291,3360319,3384800,-214.04,0;
I (477268) HeartEarring: loop BPM 64.194 (1.070Hz) 18294,3360378,3385000,-192.02,0;18334,3360417,3385101,-125.00,0;18374,3360450,3385151,-38.68,0;18414,3360331,3384991,32.57,0;18454,3360398,3385077,66.85,0;
I (477470) HeartEarring: loop BPM 64.194 (1.070Hz) 18497,3360419,3385113,74.97,0;18537,3360444,3385164,75.68,0;18577,3360471,3385246,77.10,0;18617,3360507,3385323,82.41,0;18657,3360581,3385459,93.35,0;
I (477688) HeartEarring: loop BPM 64.194 (1.070Hz) 18715,3360549,3385437,105.36,0;18755,3360537,3385499,105.05,0;18795,3360589,3385548,89.49,0;18835,3360589,3385566,68.34,0;18875,3360507,3385462,41.61,0;
I (477889) HeartEarring: loop BPM 64.194 (1.070Hz) 18915,3360279,3384968,-7.84,1;18955,3360134,3384544,-92.21,0;18995,3360123,3384511,-188.25,0;19035,3360156,3384633,-249.87,0;19075,3360235,3384851,-246.73,0;
I (477913) HeartEarring: loop HR 1.070Hz (64.194 BPM) timeOfNextPeakMs 19535 interval 934ms
I (478093) HeartEarring: loop BPM 64.194 (1.070Hz) 19120,3360315,3385065,-178.75,0;19160,3360380,3385156,-70.56,0;19200,3360361,3385135,39.02,0;19240,3360355,3385132,114.67,0;19280,3360346,3385172,143.37,0;
I (478311) HeartEarring: loop BPM 64.194 (1.070Hz) 19338,3360347,3385221,134.14,0;19378,3360403,3385353,108.21,0;19418,3360458,3385392,88.40,0;19458,3360495,3385501,84.70,0;19498,3360515,3385539,91.52,0;19538,3360541,3385548,98.02,0;
I (478532) HeartEarring: loop BPM 64.194 (1.070Hz) 19559,3360534,3385609,95.53,0;19599,3360527,3385608,78.98,0;19639,3360553,3385607,51.40,0;19679,3360337,3385181,9.50,0;19719,3360124,3384628,-65.47,1;
I (478737) HeartEarring: loop BPM 64.194 (1.070Hz) 19763,3360071,3384486,-167.88,0;19803,3360069,3384502,-254.65,0;19843,3360104,3384598,-286.21,0;19883,3360200,3384826,-249.12,0;19923,3360262,3385033,-155.25,0;
I (478915) HeartEarring: loop HR 1.070Hz (64.194 BPM) timeOfNextPeakMs 20469 interval 934ms
I (478958) HeartEarring: loop BPM 64.194 (1.070Hz) 19985,3360308,3385078,-36.75,0;20025,3360318,3385082,69.56,0;20065,3360295,3385073,136.97,0;20105,3360284,3385128,156.81,0;20145,3360377,3385244,145.09,0;20185,3360409,3385337,128.70,0;
I (479177) HeartEarring: loop BPM 64.194 (1.070Hz) 20204,3360437,3385408,119.57,0;20244,3360499,3385503,117.28,0;20284,3360490,3385501,117.15,0;20324,3360509,3385569,110.14,0;20364,3360524,3385614,92.62,0;
I (479381) HeartEarring: loop BPM 64.194 (1.070Hz) 20408,3360524,3385636,67.08,0;20448,3360515,3385583,36.00,0;20488,3360303,3385054,-9.20,1;20528,3360097,3384588,-87.04,0;20568,3360141,3384601,-183.85,0;
I (479581) HeartEarring: loop BPM 64.194 (1.070Hz) 20608,3360254,3384868,-244.93,0;20648,3360338,3385124,-231.52,0;20688,3360402,3385282,-152.57,0;20728,3360397,3385247,-47.78,0;
I (479801) HeartEarring: loop BPM 64.194 (1.070Hz) 20828,3360429,3385299,42.15,0;20868,3360443,3385345,97.32,0;20908,3360495,3385459,119.18,0;20948,3360546,3385546,121.16,0;20988,3360573,3385661,115.69,0;
I (479918) HeartEarring: loop HR 1.070Hz (64.194 BPM) timeOfNextPeakMs 21403 interval 934ms
I (480002) HeartEarring: loop BPM 64.194 (1.070Hz) 21028,3360562,3385726,105.03,0;21068,3360624,3385788,89.89,0;21108,3360710,3385901,79.46,0;21148,3360730,3385990,78.79,0;21188,3360836,3386093,84.14,0;
I (480204) HeartEarring: loop BPM 64.194 (1.070Hz) 21231,3360808,3386003,88.46,0;21271,3360547,3385451,64.02,0;21311,3360376,3385011,-18.86,1;21351,3360344,3384979,-140.85,0;21391,3360353,3385069,-245.38,0;
I (480424) HeartEarring: loop BPM 64.194 (1.070Hz) 21451,3360412,3385291,-288.05,0;21491,3360473,3385449,-257.45,0;21531,3360571,3385635,-169.47,0;21571,3360529,3385570,-60.06,0;21611,3360612,3385649,33.50,0;
I (480643) HeartEarring: loop BPM 64.194 (1.070Hz) 21669,3360646,3385773,97.28,0;21709,3360730,3385904,135.13,0;21749,3360689,3385897,150.07,0;21789,3360761,3386029,144.18,0;21829,3360648,3385912,119.91,0;
I (480849) HeartEarring: loop BPM 64.194 (1.070Hz) 21876,3360735,3386044,82.06,0;21916,3360698,3386018,44.39,0;21956,3360719,3386046,15.45,0;21996,3360746,3386086,-2.67,1;22036,3360648,3385902,-15.00,0;
I (480920) HeartEarring: loop HR 1.070Hz (64.194 BPM) timeOfNextPeakMs 22337 interval 934ms
I (481069) HeartEarring: loop BPM 64.194 (1.070Hz) 22096,3360409,3385408,-46.72,0;22136,3360217,3384977,-119.42,0;22176,3360261,3385047,-210.21,0;22216,3360367,3385240,-260.25,0;22256,3360421,3385413,-234.20,0;
I (481287) HeartEarring: loop BPM 64.194 (1.070Hz) 22314,3360560,3385738,-141.03,0;22354,3360530,3385708,-17.21,0;22394,3360475,3385649,85.66,0;22434,3360469,3385702,134.75,0;22474,3360555,3385805,139.90,0;
I (481490) HeartEarring: loop BPM 64.194 (1.070Hz) 22516,3360554,3385849,128.17,0;22556,3360647,3385973,117.79,0;22596,3360664,3386031,116.92,0;22636,3360612,3386000,116.89,0;22676,3360652,3386063,104.95,0;
I (481692) HeartEarring: loop BPM 64.194 (1.070Hz) 22719,3360692,3386123,85.71,0;22759,3360668,3386136,65.63,0;22799,3360694,3386150,43.95,0;22839,3360505,3385855,11.64,0;22879,3360231,3385253,-55.65,1;
I (481910) HeartEarring: loop BPM 64.194 (1.070Hz) 22937,3360170,3385037,-160.15,0;22977,3360223,3385139,-254.02,0;23017,3360304,3385306,-283.58,0;23057,3360364,3385525,-234.74,0;23097,3360444,3385687,-130.48,0;
I (481922) HeartEarring: loop HR 1.070Hz (64.194 BPM) timeOfNextPeakMs 23271 interval 934ms
I (482111) HeartEarring: loop BPM 64.194 (1.070Hz) 23137,3360474,3385696,-8.90,0;23177,3360474,3385697,92.23,0;23217,3360461,3385724,148.82,0;23257,3360506,3385821,161.24,0;
I (482315) HeartEarring: loop BPM 64.194 (1.070Hz) 23342,3360555,3385914,149.39,0;23382,3360653,3386067,136.61,0;23422,3360658,3386092,133.23,0;23462,3360668,3386125,131.24,0;23502,3360741,3386236,123.67,0;
I (482534) HeartEarring: loop BPM 64.194 (1.070Hz) 23561,3360714,3386222,110.03,0;23601,3360672,3386144,83.18,0;23641,3360456,3385572,28.35,0;23681,3360238,3385125,-67.93,1;23721,3360181,3385014,-189.71,0;
I (482754) HeartEarring: loop BPM 64.194 (1.070Hz) 23781,3360256,3385126,-284.04,0;23821,3360278,3385280,-306.35,0;23861,3360400,3385562,-251.02,0;23901,3360446,3385678,-141.08,0;23941,3360469,3385714,-17.07,0;
I (482924) HeartEarring: loop HR 1.070Hz (64.194 BPM) timeOfNextPeakMs 24205 interval 934ms
I (482959) HeartEarring: loop BPM 64.194 (1.070Hz) 23985,3360445,3385716,80.01,0;24025,3360492,3385817,131.85,0;24065,3360547,3385905,147.93,0;24105,3360628,3386073,149.37,0;24145,3360731,3386245,153.66,0;
I (483179) HeartEarring: loop BPM 64.194 (1.070Hz) 24206,3360902,3386438,172.98,0;24246,3361005,3386589,208.54,0;24286,3361160,3386781,248.57,0;24326,3361223,3386933,276.85,0;24366,3361410,3387152,284.37,0;
I (483397) HeartEarring: loop BPM 64.194 (1.070Hz) 24424,3361356,3386991,265.69,0;24464,3361157,3386522,197.42,0;24504,3361115,3386252,68.44,0;24544,3361075,3386213,-86.13,1;24584,3361165,3386417,-213.01,0;24624,3361222,3386592,-274.54,0;
I (483601) HeartEarring: loop BPM 64.194 (1.070Hz) 24627,3361320,3386802,-264.73,0;24667,3361354,3386872,-205.76,0;24707,3361330,3386875,-135.42,0;24747,3361312,3386809,-87.58,0;24787,3361212,3386718,-78.10,0;
I (483802) HeartEarring: loop BPM 64.194 (1.070Hz) 24829,3361168,3386740,-104.87,0;24869,3361168,3386800,-145.81,0;24909,3361206,3386862,-170.61,0;24949,3361180,3386891,-164.59,0;24989,3361124,3386854,-137.70,0;
I (483927) HeartEarring: loop HR 1.070Hz (64.194 BPM) timeOfNextPeakMs 25139 interval 934ms
I (484021) HeartEarring: loop BPM 64.194 (1.070Hz) 25048,3361116,3386860,-106.45,0;25088,3361091,3386844,-77.74,0;25128,3360953,3386728,-60.09,0;25168,3360835,3386578,-66.05,0;25208,3360587,3386057,-102.47,0;
I (484224) HeartEarring: loop BPM 64.194 (1.070Hz) 25250,3360223,3385364,-177.18,0;25290,3360131,3385229,-276.91,0;25330,3360144,3385325,-345.74,0;25370,3360069,3385350,-338.64,0;25410,3360164,3385569,-254.26,0;
I (484424) HeartEarring: loop BPM 64.194 (1.070Hz) 25451,3360123,3385592,-116.75,0;25491,3360076,3385548,29.43,0;25531,3360007,3385464,141.40,0;25571,3359968,3385447,202.38,0;25611,3360032,3385576,225.33,0;
